2025-11-11T23:12:25.971+05:30  INFO 5072 --- [criminal-face-detector] [main] c.c.c.CriminalFaceDetectorApplication    : Starting CriminalFaceDetectorApplication using Java 21.0.8 with PID 5072 (C:\Users\sadek\Documents\criminal-face-detector - Copy\target\classes started by sadek in C:\Users\sadek\Documents\criminal-face-detector - Copy)
2025-11-11T23:12:25.995+05:30 DEBUG 5072 --- [criminal-face-detector] [main] c.c.c.CriminalFaceDetectorApplication    : Running with Spring Boot v3.2.2, Spring v6.1.3
2025-11-11T23:12:25.998+05:30  INFO 5072 --- [criminal-face-detector] [main] c.c.c.CriminalFaceDetectorApplication    : No active profile set, falling back to 1 default profile: "default"
2025-11-11T23:12:27.327+05:30  INFO 5072 --- [criminal-face-detector] [main] .s.d.r.c.RepositoryConfigurationDelegate : Bootstrapping Spring Data JPA repositories in DEFAULT mode.
2025-11-11T23:12:27.452+05:30  INFO 5072 --- [criminal-face-detector] [main] .s.d.r.c.RepositoryConfigurationDelegate : Finished Spring Data repository scanning in 105 ms. Found 2 JPA repository interfaces.
2025-11-11T23:12:29.411+05:30  INFO 5072 --- [criminal-face-detector] [main] o.s.b.w.embedded.tomcat.TomcatWebServer  : Tomcat initialized with port 8080 (http)
2025-11-11T23:12:29.438+05:30  INFO 5072 --- [criminal-face-detector] [main] o.apache.catalina.core.StandardService   : Starting service [Tomcat]
2025-11-11T23:12:29.439+05:30  INFO 5072 --- [criminal-face-detector] [main] o.apache.catalina.core.StandardEngine    : Starting Servlet engine: [Apache Tomcat/10.1.18]
2025-11-11T23:12:29.694+05:30  INFO 5072 --- [criminal-face-detector] [main] o.a.c.c.C.[Tomcat].[localhost].[/]       : Initializing Spring embedded WebApplicationContext
2025-11-11T23:12:29.695+05:30  INFO 5072 --- [criminal-face-detector] [main] w.s.c.ServletWebServerApplicationContext : Root WebApplicationContext: initialization completed in 3564 ms
2025-11-11T23:12:30.061+05:30  INFO 5072 --- [criminal-face-detector] [main] o.hibernate.jpa.internal.util.LogHelper  : HHH000204: Processing PersistenceUnitInfo [name: default]
2025-11-11T23:12:30.252+05:30  INFO 5072 --- [criminal-face-detector] [main] org.hibernate.Version                    : HHH000412: Hibernate ORM core version 6.4.1.Final
2025-11-11T23:12:30.347+05:30  INFO 5072 --- [criminal-face-detector] [main] o.h.c.internal.RegionFactoryInitiator    : HHH000026: Second-level cache disabled
2025-11-11T23:12:30.906+05:30  INFO 5072 --- [criminal-face-detector] [main] o.s.o.j.p.SpringPersistenceUnitInfo      : No LoadTimeWeaver setup: ignoring JPA class transformer
2025-11-11T23:12:30.970+05:30  INFO 5072 --- [criminal-face-detector] [main] com.zaxxer.hikari.HikariDataSource       : HikariPool-1 - Starting...
2025-11-11T23:12:31.389+05:30  INFO 5072 --- [criminal-face-detector] [main] com.zaxxer.hikari.pool.HikariPool        : HikariPool-1 - Added connection com.mysql.cj.jdbc.ConnectionImpl@4e6cbdf1
2025-11-11T23:12:31.393+05:30  INFO 5072 --- [criminal-face-detector] [main] com.zaxxer.hikari.HikariDataSource       : HikariPool-1 - Start completed.
2025-11-11T23:12:31.530+05:30  WARN 5072 --- [criminal-face-detector] [main] org.hibernate.orm.deprecation            : HHH90000025: MySQLDialect does not need to be specified explicitly using 'hibernate.dialect' (remove the property setting and it will be selected by default)
2025-11-11T23:12:33.285+05:30  INFO 5072 --- [criminal-face-detector] [main] o.h.e.t.j.p.i.JtaPlatformInitiator       : HHH000489: No JTA platform available (set 'hibernate.transaction.jta.platform' to enable JTA platform integration)
2025-11-11T23:12:33.391+05:30  INFO 5072 --- [criminal-face-detector] [main] j.LocalContainerEntityManagerFactoryBean : Initialized JPA EntityManagerFactory for persistence unit 'default'
2025-11-11T23:12:35.580+05:30  INFO 5072 --- [criminal-face-detector] [main] ai.djl.util.Platform                     : Found placeholder platform from: cpu-win-x86_64:2.0.1
2025-11-11T23:12:36.800+05:30  INFO 5072 --- [criminal-face-detector] [main] ai.djl.pytorch.engine.PtEngine           : PyTorch graph executor optimizer is enabled, this may impact your inference latency and throughput. See: https://docs.djl.ai/docs/development/inference_performance_optimization.html#graph-executor-optimization
2025-11-11T23:12:36.822+05:30  INFO 5072 --- [criminal-face-detector] [main] ai.djl.pytorch.engine.PtEngine           : Number of inter-op threads is 6
2025-11-11T23:12:36.823+05:30  INFO 5072 --- [criminal-face-detector] [main] ai.djl.pytorch.engine.PtEngine           : Number of intra-op threads is 6
2025-11-11T23:12:40.950+05:30  INFO 5072 --- [criminal-face-detector] [main] c.c.service.FaceDetectionService         : FaceDetectionService initialized successfully with OpenCV face detection
2025-11-11T23:12:41.053+05:30  WARN 5072 --- [criminal-face-detector] [main] JpaBaseConfiguration$JpaWebConfiguration : spring.jpa.open-in-view is enabled by default. Therefore, database queries may be performed during view rendering. Explicitly configure spring.jpa.open-in-view to disable this warning
2025-11-11T23:12:41.513+05:30 DEBUG 5072 --- [criminal-face-detector] [main] s.w.s.m.m.a.RequestMappingHandlerMapping : 18 mappings in 'requestMappingHandlerMapping'
2025-11-11T23:12:41.702+05:30 DEBUG 5072 --- [criminal-face-detector] [main] o.s.w.s.handler.SimpleUrlHandlerMapping  : Patterns [/webjars/**, /**, /uploads/**] in 'resourceHandlerMapping'
2025-11-11T23:12:41.817+05:30  INFO 5072 --- [criminal-face-detector] [main] o.s.s.web.DefaultSecurityFilterChain     : Will secure any request with [org.springframework.security.web.session.DisableEncodeUrlFilter@37596b44, org.springframework.security.web.context.request.async.WebAsyncManagerIntegrationFilter@29ec5005, org.springframework.security.web.context.SecurityContextHolderFilter@4583a186, org.springframework.security.web.header.HeaderWriterFilter@11703cc8, org.springframework.web.filter.CorsFilter@42ceb67f, org.springframework.security.web.authentication.logout.LogoutFilter@3b2317b7, org.springframework.security.web.authentication.UsernamePasswordAuthenticationFilter@4d1a763c, org.springframework.security.web.savedrequest.RequestCacheAwareFilter@7843b65e, org.springframework.security.web.servletapi.SecurityContextHolderAwareRequestFilter@4d6f951a, org.springframework.security.web.authentication.AnonymousAuthenticationFilter@52e44f71, org.springframework.security.web.access.ExceptionTranslationFilter@112f8f8f, org.springframework.security.web.access.intercept.AuthorizationFilter@3380313d]
2025-11-11T23:12:41.994+05:30 DEBUG 5072 --- [criminal-face-detector] [main] s.w.s.m.m.a.RequestMappingHandlerAdapter : ControllerAdvice beans: 0 @ModelAttribute, 0 @InitBinder, 1 RequestBodyAdvice, 1 ResponseBodyAdvice
2025-11-11T23:12:42.064+05:30 DEBUG 5072 --- [criminal-face-detector] [main] .m.m.a.ExceptionHandlerExceptionResolver : ControllerAdvice beans: 0 @ExceptionHandler, 1 ResponseBodyAdvice
2025-11-11T23:12:42.425+05:30  INFO 5072 --- [criminal-face-detector] [main] o.s.b.w.embedded.tomcat.TomcatWebServer  : Tomcat started on port 8080 (http) with context path ''
2025-11-11T23:12:42.443+05:30  INFO 5072 --- [criminal-face-detector] [main] c.c.c.CriminalFaceDetectorApplication    : Started CriminalFaceDetectorApplication in 17.498 seconds (process running for 18.758)
2025-11-11T23:12:46.288+05:30  INFO 5072 --- [criminal-face-detector] [http-nio-8080-exec-1] o.a.c.c.C.[Tomcat].[localhost].[/]       : Initializing Spring DispatcherServlet 'dispatcherServlet'
2025-11-11T23:12:46.289+05:30  INFO 5072 --- [criminal-face-detector] [http-nio-8080-exec-1] o.s.web.servlet.DispatcherServlet        : Initializing Servlet 'dispatcherServlet'
2025-11-11T23:12:46.290+05:30 DEBUG 5072 --- [criminal-face-detector] [http-nio-8080-exec-1] o.s.web.servlet.DispatcherServlet        : Detected StandardServletMultipartResolver
2025-11-11T23:12:46.290+05:30 DEBUG 5072 --- [criminal-face-detector] [http-nio-8080-exec-1] o.s.web.servlet.DispatcherServlet        : Detected AcceptHeaderLocaleResolver
2025-11-11T23:12:46.290+05:30 DEBUG 5072 --- [criminal-face-detector] [http-nio-8080-exec-1] o.s.web.servlet.DispatcherServlet        : Detected FixedThemeResolver
2025-11-11T23:12:46.295+05:30 DEBUG 5072 --- [criminal-face-detector] [http-nio-8080-exec-1] o.s.web.servlet.DispatcherServlet        : Detected org.springframework.web.servlet.view.DefaultRequestToViewNameTranslator@6f915016
2025-11-11T23:12:46.298+05:30 DEBUG 5072 --- [criminal-face-detector] [http-nio-8080-exec-1] o.s.web.servlet.DispatcherServlet        : Detected org.springframework.web.servlet.support.SessionFlashMapManager@24673720
2025-11-11T23:12:46.300+05:30 DEBUG 5072 --- [criminal-face-detector] [http-nio-8080-exec-1] o.s.web.servlet.DispatcherServlet        : enableLoggingRequestDetails='false': request parameters and headers will be masked to prevent unsafe logging of potentially sensitive data
2025-11-11T23:12:46.301+05:30  INFO 5072 --- [criminal-face-detector] [http-nio-8080-exec-1] o.s.web.servlet.DispatcherServlet        : Completed initialization in 12 ms
2025-11-11T23:12:46.477+05:30 DEBUG 5072 --- [criminal-face-detector] [http-nio-8080-exec-2] o.s.web.servlet.DispatcherServlet        : GET "/login", parameters={}
2025-11-11T23:12:46.482+05:30 DEBUG 5072 --- [criminal-face-detector] [http-nio-8080-exec-2] s.w.s.m.m.a.RequestMappingHandlerMapping : Mapped to com.criminaldetector.controller.AuthController#showLoginForm()
2025-11-11T23:12:46.526+05:30 DEBUG 5072 --- [criminal-face-detector] [http-nio-8080-exec-2] o.s.w.s.v.ContentNegotiatingViewResolver : Selected 'text/html' given [text/html, application/xhtml+xml, image/avif, image/webp, image/apng, application/xml;q=0.9, */*;q=0.8, application/signed-exchange;v=b3;q=0.7]
2025-11-11T23:12:47.190+05:30 DEBUG 5072 --- [criminal-face-detector] [http-nio-8080-exec-2] o.s.web.servlet.DispatcherServlet        : Completed 200 OK
2025-11-11T23:12:47.237+05:30 DEBUG 5072 --- [criminal-face-detector] [http-nio-8080-exec-3] o.s.web.servlet.DispatcherServlet        : GET "/css/login.css", parameters={}
2025-11-11T23:12:47.239+05:30 DEBUG 5072 --- [criminal-face-detector] [http-nio-8080-exec-3] o.s.w.s.handler.SimpleUrlHandlerMapping  : Mapped to ResourceHttpRequestHandler [classpath [META-INF/resources/], classpath [resources/], classpath [static/], classpath [public/], ServletContext [/]]
2025-11-11T23:12:47.260+05:30 DEBUG 5072 --- [criminal-face-detector] [http-nio-8080-exec-3] o.s.web.servlet.DispatcherServlet        : Completed 200 OK
2025-11-11T23:12:48.167+05:30 DEBUG 5072 --- [criminal-face-detector] [http-nio-8080-exec-4] o.s.web.servlet.DispatcherServlet        : GET "/images/background1.png", parameters={}
2025-11-11T23:12:48.168+05:30 DEBUG 5072 --- [criminal-face-detector] [http-nio-8080-exec-4] o.s.w.s.handler.SimpleUrlHandlerMapping  : Mapped to ResourceHttpRequestHandler [classpath [META-INF/resources/], classpath [resources/], classpath [static/], classpath [public/], ServletContext [/]]
2025-11-11T23:12:48.254+05:30 DEBUG 5072 --- [criminal-face-detector] [http-nio-8080-exec-4] o.s.web.servlet.DispatcherServlet        : Completed 200 OK
2025-11-11T23:12:48.552+05:30 DEBUG 5072 --- [criminal-face-detector] [http-nio-8080-exec-6] o.s.web.servlet.DispatcherServlet        : GET "/login", parameters={}
2025-11-11T23:12:48.553+05:30 DEBUG 5072 --- [criminal-face-detector] [http-nio-8080-exec-6] s.w.s.m.m.a.RequestMappingHandlerMapping : Mapped to com.criminaldetector.controller.AuthController#showLoginForm()
2025-11-11T23:12:48.560+05:30 DEBUG 5072 --- [criminal-face-detector] [http-nio-8080-exec-6] o.s.w.s.v.ContentNegotiatingViewResolver : Selected '*/*' given [image/avif, image/webp, image/apng, image/svg+xml, image/*, */*;q=0.8]
2025-11-11T23:12:48.566+05:30 DEBUG 5072 --- [criminal-face-detector] [http-nio-8080-exec-6] o.s.web.servlet.DispatcherServlet        : Completed 200 OK
2025-11-11T23:12:59.652+05:30 DEBUG 5072 --- [criminal-face-detector] [http-nio-8080-exec-7] org.hibernate.SQL                        : 
    select
        u1_0.id,
        u1_0.created_at,
        u1_0.email,
        u1_0.password,
        u1_0.updated_at,
        u1_0.username 
    from
        users u1_0 
    where
        u1_0.username=?
2025-11-11T23:12:59.897+05:30 DEBUG 5072 --- [criminal-face-detector] [http-nio-8080-exec-8] o.s.web.servlet.DispatcherServlet        : GET "/login?error", parameters={masked}
2025-11-11T23:12:59.898+05:30 DEBUG 5072 --- [criminal-face-detector] [http-nio-8080-exec-8] s.w.s.m.m.a.RequestMappingHandlerMapping : Mapped to com.criminaldetector.controller.AuthController#showLoginForm()
2025-11-11T23:12:59.901+05:30 DEBUG 5072 --- [criminal-face-detector] [http-nio-8080-exec-8] o.s.w.s.v.ContentNegotiatingViewResolver : Selected 'text/html' given [text/html, application/xhtml+xml, image/avif, image/webp, image/apng, application/xml;q=0.9, */*;q=0.8, application/signed-exchange;v=b3;q=0.7]
2025-11-11T23:12:59.908+05:30 DEBUG 5072 --- [criminal-face-detector] [http-nio-8080-exec-8] o.s.web.servlet.DispatcherServlet        : Completed 200 OK
2025-11-11T23:12:59.946+05:30 DEBUG 5072 --- [criminal-face-detector] [http-nio-8080-exec-9] o.s.web.servlet.DispatcherServlet        : GET "/css/login.css", parameters={}
2025-11-11T23:12:59.948+05:30 DEBUG 5072 --- [criminal-face-detector] [http-nio-8080-exec-9] o.s.w.s.handler.SimpleUrlHandlerMapping  : Mapped to ResourceHttpRequestHandler [classpath [META-INF/resources/], classpath [resources/], classpath [static/], classpath [public/], ServletContext [/]]
2025-11-11T23:12:59.955+05:30 DEBUG 5072 --- [criminal-face-detector] [http-nio-8080-exec-9] o.s.web.servlet.DispatcherServlet        : Completed 200 OK
2025-11-11T23:12:59.970+05:30 DEBUG 5072 --- [criminal-face-detector] [http-nio-8080-exec-10] o.s.web.servlet.DispatcherServlet        : GET "/images/background1.png", parameters={}
2025-11-11T23:12:59.973+05:30 DEBUG 5072 --- [criminal-face-detector] [http-nio-8080-exec-10] o.s.w.s.handler.SimpleUrlHandlerMapping  : Mapped to ResourceHttpRequestHandler [classpath [META-INF/resources/], classpath [resources/], classpath [static/], classpath [public/], ServletContext [/]]
2025-11-11T23:13:00.006+05:30 DEBUG 5072 --- [criminal-face-detector] [http-nio-8080-exec-10] o.s.web.servlet.DispatcherServlet        : Completed 200 OK
2025-11-11T23:13:00.043+05:30 DEBUG 5072 --- [criminal-face-detector] [http-nio-8080-exec-2] o.s.web.servlet.DispatcherServlet        : GET "/login", parameters={}
2025-11-11T23:13:00.044+05:30 DEBUG 5072 --- [criminal-face-detector] [http-nio-8080-exec-2] s.w.s.m.m.a.RequestMappingHandlerMapping : Mapped to com.criminaldetector.controller.AuthController#showLoginForm()
2025-11-11T23:13:00.046+05:30 DEBUG 5072 --- [criminal-face-detector] [http-nio-8080-exec-2] o.s.w.s.v.ContentNegotiatingViewResolver : Selected '*/*' given [image/avif, image/webp, image/apng, image/svg+xml, image/*, */*;q=0.8]
2025-11-11T23:13:00.051+05:30 DEBUG 5072 --- [criminal-face-detector] [http-nio-8080-exec-2] o.s.web.servlet.DispatcherServlet        : Completed 200 OK
2025-11-11T23:13:13.644+05:30 DEBUG 5072 --- [criminal-face-detector] [http-nio-8080-exec-3] org.hibernate.SQL                        : 
    select
        u1_0.id,
        u1_0.created_at,
        u1_0.email,
        u1_0.password,
        u1_0.updated_at,
        u1_0.username 
    from
        users u1_0 
    where
        u1_0.username=?
2025-11-11T23:13:13.820+05:30 DEBUG 5072 --- [criminal-face-detector] [http-nio-8080-exec-4] o.s.web.servlet.DispatcherServlet        : GET "/login?error", parameters={masked}
2025-11-11T23:13:13.821+05:30 DEBUG 5072 --- [criminal-face-detector] [http-nio-8080-exec-4] s.w.s.m.m.a.RequestMappingHandlerMapping : Mapped to com.criminaldetector.controller.AuthController#showLoginForm()
2025-11-11T23:13:13.824+05:30 DEBUG 5072 --- [criminal-face-detector] [http-nio-8080-exec-4] o.s.w.s.v.ContentNegotiatingViewResolver : Selected 'text/html' given [text/html, application/xhtml+xml, image/avif, image/webp, image/apng, application/xml;q=0.9, */*;q=0.8, application/signed-exchange;v=b3;q=0.7]
2025-11-11T23:13:13.829+05:30 DEBUG 5072 --- [criminal-face-detector] [http-nio-8080-exec-4] o.s.web.servlet.DispatcherServlet        : Completed 200 OK
2025-11-11T23:13:13.862+05:30 DEBUG 5072 --- [criminal-face-detector] [http-nio-8080-exec-5] o.s.web.servlet.DispatcherServlet        : GET "/css/login.css", parameters={}
2025-11-11T23:13:13.864+05:30 DEBUG 5072 --- [criminal-face-detector] [http-nio-8080-exec-5] o.s.w.s.handler.SimpleUrlHandlerMapping  : Mapped to ResourceHttpRequestHandler [classpath [META-INF/resources/], classpath [resources/], classpath [static/], classpath [public/], ServletContext [/]]
2025-11-11T23:13:13.869+05:30 DEBUG 5072 --- [criminal-face-detector] [http-nio-8080-exec-5] o.s.web.servlet.DispatcherServlet        : Completed 200 OK
2025-11-11T23:13:13.882+05:30 DEBUG 5072 --- [criminal-face-detector] [http-nio-8080-exec-6] o.s.web.servlet.DispatcherServlet        : GET "/images/background1.png", parameters={}
2025-11-11T23:13:13.884+05:30 DEBUG 5072 --- [criminal-face-detector] [http-nio-8080-exec-6] o.s.w.s.handler.SimpleUrlHandlerMapping  : Mapped to ResourceHttpRequestHandler [classpath [META-INF/resources/], classpath [resources/], classpath [static/], classpath [public/], ServletContext [/]]
2025-11-11T23:13:13.915+05:30 DEBUG 5072 --- [criminal-face-detector] [http-nio-8080-exec-6] o.s.web.servlet.DispatcherServlet        : Completed 200 OK
2025-11-11T23:13:13.947+05:30 DEBUG 5072 --- [criminal-face-detector] [http-nio-8080-exec-8] o.s.web.servlet.DispatcherServlet        : GET "/login", parameters={}
2025-11-11T23:13:13.948+05:30 DEBUG 5072 --- [criminal-face-detector] [http-nio-8080-exec-8] s.w.s.m.m.a.RequestMappingHandlerMapping : Mapped to com.criminaldetector.controller.AuthController#showLoginForm()
2025-11-11T23:13:13.950+05:30 DEBUG 5072 --- [criminal-face-detector] [http-nio-8080-exec-8] o.s.w.s.v.ContentNegotiatingViewResolver : Selected '*/*' given [image/avif, image/webp, image/apng, image/svg+xml, image/*, */*;q=0.8]
2025-11-11T23:13:13.956+05:30 DEBUG 5072 --- [criminal-face-detector] [http-nio-8080-exec-8] o.s.web.servlet.DispatcherServlet        : Completed 200 OK
2025-11-11T23:13:15.797+05:30 DEBUG 5072 --- [criminal-face-detector] [http-nio-8080-exec-9] o.s.web.servlet.DispatcherServlet        : GET "/register", parameters={}
2025-11-11T23:13:15.799+05:30 DEBUG 5072 --- [criminal-face-detector] [http-nio-8080-exec-9] s.w.s.m.m.a.RequestMappingHandlerMapping : Mapped to com.criminaldetector.controller.AuthController#showRegistrationForm(Model)
2025-11-11T23:13:15.842+05:30 DEBUG 5072 --- [criminal-face-detector] [http-nio-8080-exec-9] o.s.w.s.v.ContentNegotiatingViewResolver : Selected 'text/html' given [text/html, application/xhtml+xml, image/avif, image/webp, image/apng, application/xml;q=0.9, */*;q=0.8, application/signed-exchange;v=b3;q=0.7]
2025-11-11T23:13:15.909+05:30 DEBUG 5072 --- [criminal-face-detector] [http-nio-8080-exec-9] o.s.web.servlet.DispatcherServlet        : Completed 200 OK
2025-11-11T23:13:15.944+05:30 DEBUG 5072 --- [criminal-face-detector] [http-nio-8080-exec-10] o.s.web.servlet.DispatcherServlet        : GET "/css/register.css", parameters={}
2025-11-11T23:13:15.945+05:30 DEBUG 5072 --- [criminal-face-detector] [http-nio-8080-exec-10] o.s.w.s.handler.SimpleUrlHandlerMapping  : Mapped to ResourceHttpRequestHandler [classpath [META-INF/resources/], classpath [resources/], classpath [static/], classpath [public/], ServletContext [/]]
2025-11-11T23:13:15.951+05:30 DEBUG 5072 --- [criminal-face-detector] [http-nio-8080-exec-10] o.s.web.servlet.DispatcherServlet        : Completed 200 OK
2025-11-11T23:13:15.962+05:30 DEBUG 5072 --- [criminal-face-detector] [http-nio-8080-exec-1] o.s.web.servlet.DispatcherServlet        : GET "/images/background2.jpg", parameters={}
2025-11-11T23:13:15.966+05:30 DEBUG 5072 --- [criminal-face-detector] [http-nio-8080-exec-1] o.s.w.s.handler.SimpleUrlHandlerMapping  : Mapped to ResourceHttpRequestHandler [classpath [META-INF/resources/], classpath [resources/], classpath [static/], classpath [public/], ServletContext [/]]
2025-11-11T23:13:15.978+05:30 DEBUG 5072 --- [criminal-face-detector] [http-nio-8080-exec-1] o.s.web.servlet.DispatcherServlet        : Completed 200 OK
2025-11-11T23:13:16.005+05:30 DEBUG 5072 --- [criminal-face-detector] [http-nio-8080-exec-3] o.s.web.servlet.DispatcherServlet        : GET "/login", parameters={}
2025-11-11T23:13:16.006+05:30 DEBUG 5072 --- [criminal-face-detector] [http-nio-8080-exec-3] s.w.s.m.m.a.RequestMappingHandlerMapping : Mapped to com.criminaldetector.controller.AuthController#showLoginForm()
2025-11-11T23:13:16.009+05:30 DEBUG 5072 --- [criminal-face-detector] [http-nio-8080-exec-3] o.s.w.s.v.ContentNegotiatingViewResolver : Selected '*/*' given [image/avif, image/webp, image/apng, image/svg+xml, image/*, */*;q=0.8]
2025-11-11T23:13:16.012+05:30 DEBUG 5072 --- [criminal-face-detector] [http-nio-8080-exec-3] o.s.web.servlet.DispatcherServlet        : Completed 200 OK
2025-11-11T23:13:37.285+05:30 DEBUG 5072 --- [criminal-face-detector] [http-nio-8080-exec-4] o.s.web.servlet.DispatcherServlet        : POST "/register", parameters={masked}
2025-11-11T23:13:37.286+05:30 DEBUG 5072 --- [criminal-face-detector] [http-nio-8080-exec-4] s.w.s.m.m.a.RequestMappingHandlerMapping : Mapped to com.criminaldetector.controller.AuthController#registerUser(User, BindingResult, Model)
2025-11-11T23:13:37.366+05:30 DEBUG 5072 --- [criminal-face-detector] [http-nio-8080-exec-4] org.hibernate.SQL                        : 
    select
        u1_0.id 
    from
        users u1_0 
    where
        u1_0.username=? 
    limit
        ?
2025-11-11T23:13:37.377+05:30 DEBUG 5072 --- [criminal-face-detector] [http-nio-8080-exec-4] o.s.w.s.v.ContentNegotiatingViewResolver : Selected 'text/html' given [text/html, application/xhtml+xml, image/avif, image/webp, image/apng, application/xml;q=0.9, */*;q=0.8, application/signed-exchange;v=b3;q=0.7]
2025-11-11T23:13:37.388+05:30 DEBUG 5072 --- [criminal-face-detector] [http-nio-8080-exec-4] o.s.web.servlet.DispatcherServlet        : Completed 200 OK
2025-11-11T23:13:37.422+05:30 DEBUG 5072 --- [criminal-face-detector] [http-nio-8080-exec-5] o.s.web.servlet.DispatcherServlet        : GET "/css/register.css", parameters={}
2025-11-11T23:13:37.423+05:30 DEBUG 5072 --- [criminal-face-detector] [http-nio-8080-exec-5] o.s.w.s.handler.SimpleUrlHandlerMapping  : Mapped to ResourceHttpRequestHandler [classpath [META-INF/resources/], classpath [resources/], classpath [static/], classpath [public/], ServletContext [/]]
2025-11-11T23:13:37.428+05:30 DEBUG 5072 --- [criminal-face-detector] [http-nio-8080-exec-5] o.s.web.servlet.DispatcherServlet        : Completed 200 OK
2025-11-11T23:13:37.440+05:30 DEBUG 5072 --- [criminal-face-detector] [http-nio-8080-exec-6] o.s.web.servlet.DispatcherServlet        : GET "/images/background2.jpg", parameters={}
2025-11-11T23:13:37.447+05:30 DEBUG 5072 --- [criminal-face-detector] [http-nio-8080-exec-6] o.s.w.s.handler.SimpleUrlHandlerMapping  : Mapped to ResourceHttpRequestHandler [classpath [META-INF/resources/], classpath [resources/], classpath [static/], classpath [public/], ServletContext [/]]
2025-11-11T23:13:37.455+05:30 DEBUG 5072 --- [criminal-face-detector] [http-nio-8080-exec-6] o.s.web.servlet.DispatcherServlet        : Completed 200 OK
2025-11-11T23:13:37.487+05:30 DEBUG 5072 --- [criminal-face-detector] [http-nio-8080-exec-8] o.s.web.servlet.DispatcherServlet        : GET "/login", parameters={}
2025-11-11T23:13:37.488+05:30 DEBUG 5072 --- [criminal-face-detector] [http-nio-8080-exec-8] s.w.s.m.m.a.RequestMappingHandlerMapping : Mapped to com.criminaldetector.controller.AuthController#showLoginForm()
2025-11-11T23:13:37.489+05:30 DEBUG 5072 --- [criminal-face-detector] [http-nio-8080-exec-8] o.s.w.s.v.ContentNegotiatingViewResolver : Selected '*/*' given [image/avif, image/webp, image/apng, image/svg+xml, image/*, */*;q=0.8]
2025-11-11T23:13:37.493+05:30 DEBUG 5072 --- [criminal-face-detector] [http-nio-8080-exec-8] o.s.web.servlet.DispatcherServlet        : Completed 200 OK
2025-11-11T23:13:55.515+05:30 DEBUG 5072 --- [criminal-face-detector] [http-nio-8080-exec-10] o.s.web.servlet.DispatcherServlet        : POST "/register", parameters={masked}
2025-11-11T23:13:55.516+05:30 DEBUG 5072 --- [criminal-face-detector] [http-nio-8080-exec-10] s.w.s.m.m.a.RequestMappingHandlerMapping : Mapped to com.criminaldetector.controller.AuthController#registerUser(User, BindingResult, Model)
2025-11-11T23:13:55.520+05:30 DEBUG 5072 --- [criminal-face-detector] [http-nio-8080-exec-10] org.hibernate.SQL                        : 
    select
        u1_0.id 
    from
        users u1_0 
    where
        u1_0.username=? 
    limit
        ?
2025-11-11T23:13:55.528+05:30 DEBUG 5072 --- [criminal-face-detector] [http-nio-8080-exec-10] org.hibernate.SQL                        : 
    select
        u1_0.id 
    from
        users u1_0 
    where
        u1_0.email=? 
    limit
        ?
2025-11-11T23:13:55.767+05:30 DEBUG 5072 --- [criminal-face-detector] [http-nio-8080-exec-10] org.hibernate.SQL                        : 
    insert 
    into
        users
        (created_at, email, password, updated_at, username) 
    values
        (?, ?, ?, ?, ?)
2025-11-11T23:13:55.826+05:30 DEBUG 5072 --- [criminal-face-detector] [http-nio-8080-exec-10] o.s.web.servlet.view.RedirectView        : View name 'redirect:', model {}
2025-11-11T23:13:55.827+05:30 DEBUG 5072 --- [criminal-face-detector] [http-nio-8080-exec-10] o.s.web.servlet.DispatcherServlet        : Completed 302 FOUND
2025-11-11T23:13:55.842+05:30 DEBUG 5072 --- [criminal-face-detector] [http-nio-8080-exec-2] o.s.web.servlet.DispatcherServlet        : GET "/login", parameters={}
2025-11-11T23:13:55.842+05:30 DEBUG 5072 --- [criminal-face-detector] [http-nio-8080-exec-2] s.w.s.m.m.a.RequestMappingHandlerMapping : Mapped to com.criminaldetector.controller.AuthController#showLoginForm()
2025-11-11T23:13:55.845+05:30 DEBUG 5072 --- [criminal-face-detector] [http-nio-8080-exec-2] o.s.w.s.v.ContentNegotiatingViewResolver : Selected 'text/html' given [text/html, application/xhtml+xml, image/avif, image/webp, image/apng, application/xml;q=0.9, */*;q=0.8, application/signed-exchange;v=b3;q=0.7]
2025-11-11T23:13:55.847+05:30 DEBUG 5072 --- [criminal-face-detector] [http-nio-8080-exec-2] o.s.web.servlet.DispatcherServlet        : Completed 200 OK
2025-11-11T23:13:55.877+05:30 DEBUG 5072 --- [criminal-face-detector] [http-nio-8080-exec-3] o.s.web.servlet.DispatcherServlet        : GET "/css/login.css", parameters={}
2025-11-11T23:13:55.877+05:30 DEBUG 5072 --- [criminal-face-detector] [http-nio-8080-exec-3] o.s.w.s.handler.SimpleUrlHandlerMapping  : Mapped to ResourceHttpRequestHandler [classpath [META-INF/resources/], classpath [resources/], classpath [static/], classpath [public/], ServletContext [/]]
2025-11-11T23:13:55.883+05:30 DEBUG 5072 --- [criminal-face-detector] [http-nio-8080-exec-3] o.s.web.servlet.DispatcherServlet        : Completed 200 OK
2025-11-11T23:13:55.893+05:30 DEBUG 5072 --- [criminal-face-detector] [http-nio-8080-exec-4] o.s.web.servlet.DispatcherServlet        : GET "/images/background1.png", parameters={}
2025-11-11T23:13:55.898+05:30 DEBUG 5072 --- [criminal-face-detector] [http-nio-8080-exec-4] o.s.w.s.handler.SimpleUrlHandlerMapping  : Mapped to ResourceHttpRequestHandler [classpath [META-INF/resources/], classpath [resources/], classpath [static/], classpath [public/], ServletContext [/]]
2025-11-11T23:13:55.920+05:30 DEBUG 5072 --- [criminal-face-detector] [http-nio-8080-exec-4] o.s.web.servlet.DispatcherServlet        : Completed 200 OK
2025-11-11T23:13:55.953+05:30 DEBUG 5072 --- [criminal-face-detector] [http-nio-8080-exec-6] o.s.web.servlet.DispatcherServlet        : GET "/login", parameters={}
2025-11-11T23:13:55.954+05:30 DEBUG 5072 --- [criminal-face-detector] [http-nio-8080-exec-6] s.w.s.m.m.a.RequestMappingHandlerMapping : Mapped to com.criminaldetector.controller.AuthController#showLoginForm()
2025-11-11T23:13:55.956+05:30 DEBUG 5072 --- [criminal-face-detector] [http-nio-8080-exec-6] o.s.w.s.v.ContentNegotiatingViewResolver : Selected '*/*' given [image/avif, image/webp, image/apng, image/svg+xml, image/*, */*;q=0.8]
2025-11-11T23:13:55.959+05:30 DEBUG 5072 --- [criminal-face-detector] [http-nio-8080-exec-6] o.s.web.servlet.DispatcherServlet        : Completed 200 OK
2025-11-11T23:14:05.218+05:30 DEBUG 5072 --- [criminal-face-detector] [http-nio-8080-exec-7] org.hibernate.SQL                        : 
    select
        u1_0.id,
        u1_0.created_at,
        u1_0.email,
        u1_0.password,
        u1_0.updated_at,
        u1_0.username 
    from
        users u1_0 
    where
        u1_0.username=?
2025-11-11T23:14:05.384+05:30 DEBUG 5072 --- [criminal-face-detector] [http-nio-8080-exec-8] o.s.web.servlet.DispatcherServlet        : GET "/", parameters={}
2025-11-11T23:14:05.385+05:30 DEBUG 5072 --- [criminal-face-detector] [http-nio-8080-exec-8] s.w.s.m.m.a.RequestMappingHandlerMapping : Mapped to com.criminaldetector.controller.CriminalController#showDetectionPage(Model)
2025-11-11T23:14:05.394+05:30  INFO 5072 --- [criminal-face-detector] [http-nio-8080-exec-8] c.c.service.CriminalServiceImpl          : Fetching all criminals
2025-11-11T23:14:05.403+05:30 DEBUG 5072 --- [criminal-face-detector] [http-nio-8080-exec-8] org.hibernate.SQL                        : 
    select
        c1_0.id,
        c1_0.age,
        c1_0.created_at,
        c1_0.crime_details,
        c1_0.gender,
        c1_0.image,
        c1_0.name 
    from
        criminals c1_0
2025-11-11T23:14:05.433+05:30 DEBUG 5072 --- [criminal-face-detector] [http-nio-8080-exec-8] o.s.w.s.v.ContentNegotiatingViewResolver : Selected 'text/html' given [text/html, application/xhtml+xml, image/avif, image/webp, image/apng, application/xml;q=0.9, */*;q=0.8, application/signed-exchange;v=b3;q=0.7]
2025-11-11T23:14:05.441+05:30 DEBUG 5072 --- [criminal-face-detector] [http-nio-8080-exec-8] o.s.web.servlet.DispatcherServlet        : Completed 200 OK
2025-11-11T23:14:05.472+05:30 DEBUG 5072 --- [criminal-face-detector] [http-nio-8080-exec-9] o.s.web.servlet.DispatcherServlet        : GET "/css/detection.css", parameters={}
2025-11-11T23:14:05.472+05:30 DEBUG 5072 --- [criminal-face-detector] [http-nio-8080-exec-10] o.s.web.servlet.DispatcherServlet        : GET "/images/detector1.png", parameters={}
2025-11-11T23:14:05.473+05:30 DEBUG 5072 --- [criminal-face-detector] [http-nio-8080-exec-9] o.s.w.s.handler.SimpleUrlHandlerMapping  : Mapped to ResourceHttpRequestHandler [classpath [META-INF/resources/], classpath [resources/], classpath [static/], classpath [public/], ServletContext [/]]
2025-11-11T23:14:05.473+05:30 DEBUG 5072 --- [criminal-face-detector] [http-nio-8080-exec-10] o.s.w.s.handler.SimpleUrlHandlerMapping  : Mapped to ResourceHttpRequestHandler [classpath [META-INF/resources/], classpath [resources/], classpath [static/], classpath [public/], ServletContext [/]]
2025-11-11T23:14:05.478+05:30 DEBUG 5072 --- [criminal-face-detector] [http-nio-8080-exec-9] o.s.web.servlet.DispatcherServlet        : Completed 200 OK
2025-11-11T23:14:05.487+05:30 DEBUG 5072 --- [criminal-face-detector] [http-nio-8080-exec-1] o.s.web.servlet.DispatcherServlet        : GET "/images/backimg.jpg", parameters={}
2025-11-11T23:14:05.488+05:30 DEBUG 5072 --- [criminal-face-detector] [http-nio-8080-exec-1] o.s.w.s.handler.SimpleUrlHandlerMapping  : Mapped to ResourceHttpRequestHandler [classpath [META-INF/resources/], classpath [resources/], classpath [static/], classpath [public/], ServletContext [/]]
2025-11-11T23:14:05.494+05:30 DEBUG 5072 --- [criminal-face-detector] [http-nio-8080-exec-1] o.s.web.servlet.DispatcherServlet        : Completed 200 OK
2025-11-11T23:14:05.507+05:30 DEBUG 5072 --- [criminal-face-detector] [http-nio-8080-exec-10] o.s.web.servlet.DispatcherServlet        : Completed 200 OK
2025-11-11T23:14:06.371+05:30 DEBUG 5072 --- [criminal-face-detector] [http-nio-8080-exec-2] o.s.web.servlet.DispatcherServlet        : GET "/favicon.ico", parameters={}
2025-11-11T23:14:06.372+05:30 DEBUG 5072 --- [criminal-face-detector] [http-nio-8080-exec-2] o.s.w.s.handler.SimpleUrlHandlerMapping  : Mapped to ResourceHttpRequestHandler [classpath [META-INF/resources/], classpath [resources/], classpath [static/], classpath [public/], ServletContext [/]]
2025-11-11T23:14:06.376+05:30 DEBUG 5072 --- [criminal-face-detector] [http-nio-8080-exec-2] o.s.w.s.r.ResourceHttpRequestHandler     : Resource not found
2025-11-11T23:14:06.381+05:30 DEBUG 5072 --- [criminal-face-detector] [http-nio-8080-exec-2] .w.s.m.s.DefaultHandlerExceptionResolver : Resolved [org.springframework.web.servlet.resource.NoResourceFoundException: No static resource favicon.ico.]
2025-11-11T23:14:06.382+05:30 DEBUG 5072 --- [criminal-face-detector] [http-nio-8080-exec-2] o.s.web.servlet.DispatcherServlet        : Completed 404 NOT_FOUND
2025-11-11T23:14:06.395+05:30 DEBUG 5072 --- [criminal-face-detector] [http-nio-8080-exec-2] o.s.web.servlet.DispatcherServlet        : "ERROR" dispatch for GET "/error", parameters={}
2025-11-11T23:14:06.395+05:30 DEBUG 5072 --- [criminal-face-detector] [http-nio-8080-exec-2] s.w.s.m.m.a.RequestMappingHandlerMapping : Mapped to com.criminaldetector.controller.CriminalController#handleError(Model)
2025-11-11T23:14:06.397+05:30 DEBUG 5072 --- [criminal-face-detector] [http-nio-8080-exec-2] o.s.web.servlet.view.RedirectView        : View name 'redirect:', model {}
2025-11-11T23:14:06.404+05:30 DEBUG 5072 --- [criminal-face-detector] [http-nio-8080-exec-2] o.s.web.servlet.DispatcherServlet        : Exiting from "ERROR" dispatch, status 302
2025-11-11T23:14:06.410+05:30 DEBUG 5072 --- [criminal-face-detector] [http-nio-8080-exec-3] o.s.web.servlet.DispatcherServlet        : GET "/", parameters={}
2025-11-11T23:14:06.411+05:30 DEBUG 5072 --- [criminal-face-detector] [http-nio-8080-exec-3] s.w.s.m.m.a.RequestMappingHandlerMapping : Mapped to com.criminaldetector.controller.CriminalController#showDetectionPage(Model)
2025-11-11T23:14:06.413+05:30  INFO 5072 --- [criminal-face-detector] [http-nio-8080-exec-3] c.c.service.CriminalServiceImpl          : Fetching all criminals
2025-11-11T23:14:06.417+05:30 DEBUG 5072 --- [criminal-face-detector] [http-nio-8080-exec-3] org.hibernate.SQL                        : 
    select
        c1_0.id,
        c1_0.age,
        c1_0.created_at,
        c1_0.crime_details,
        c1_0.gender,
        c1_0.image,
        c1_0.name 
    from
        criminals c1_0
2025-11-11T23:14:06.422+05:30 DEBUG 5072 --- [criminal-face-detector] [http-nio-8080-exec-3] o.s.w.s.v.ContentNegotiatingViewResolver : Selected '*/*' given [image/avif, image/webp, image/apng, image/svg+xml, image/*, */*;q=0.8]
2025-11-11T23:14:06.425+05:30 DEBUG 5072 --- [criminal-face-detector] [http-nio-8080-exec-3] o.s.web.servlet.DispatcherServlet        : Completed 200 OK
2025-11-11T23:14:08.717+05:30 DEBUG 5072 --- [criminal-face-detector] [http-nio-8080-exec-4] o.s.web.servlet.DispatcherServlet        : GET "/add-criminal", parameters={}
2025-11-11T23:14:08.718+05:30 DEBUG 5072 --- [criminal-face-detector] [http-nio-8080-exec-4] s.w.s.m.m.a.RequestMappingHandlerMapping : Mapped to com.criminaldetector.controller.CriminalController#showAddCriminalForm(Model)
2025-11-11T23:14:08.721+05:30 DEBUG 5072 --- [criminal-face-detector] [http-nio-8080-exec-4] o.s.w.s.v.ContentNegotiatingViewResolver : Selected 'text/html' given [text/html, application/xhtml+xml, image/avif, image/webp, image/apng, application/xml;q=0.9, */*;q=0.8, application/signed-exchange;v=b3;q=0.7]
2025-11-11T23:14:08.742+05:30 DEBUG 5072 --- [criminal-face-detector] [http-nio-8080-exec-4] o.s.web.servlet.DispatcherServlet        : Completed 200 OK
2025-11-11T23:14:08.775+05:30 DEBUG 5072 --- [criminal-face-detector] [http-nio-8080-exec-6] o.s.web.servlet.DispatcherServlet        : GET "/images/detector1.png", parameters={}
2025-11-11T23:14:08.775+05:30 DEBUG 5072 --- [criminal-face-detector] [http-nio-8080-exec-5] o.s.web.servlet.DispatcherServlet        : GET "/css/add-criminal.css", parameters={}
2025-11-11T23:14:08.776+05:30 DEBUG 5072 --- [criminal-face-detector] [http-nio-8080-exec-6] o.s.w.s.handler.SimpleUrlHandlerMapping  : Mapped to ResourceHttpRequestHandler [classpath [META-INF/resources/], classpath [resources/], classpath [static/], classpath [public/], ServletContext [/]]
2025-11-11T23:14:08.776+05:30 DEBUG 5072 --- [criminal-face-detector] [http-nio-8080-exec-5] o.s.w.s.handler.SimpleUrlHandlerMapping  : Mapped to ResourceHttpRequestHandler [classpath [META-INF/resources/], classpath [resources/], classpath [static/], classpath [public/], ServletContext [/]]
2025-11-11T23:14:08.782+05:30 DEBUG 5072 --- [criminal-face-detector] [http-nio-8080-exec-5] o.s.web.servlet.DispatcherServlet        : Completed 200 OK
2025-11-11T23:14:08.801+05:30 DEBUG 5072 --- [criminal-face-detector] [http-nio-8080-exec-7] o.s.web.servlet.DispatcherServlet        : GET "/images/backimg.jpg", parameters={}
2025-11-11T23:14:08.803+05:30 DEBUG 5072 --- [criminal-face-detector] [http-nio-8080-exec-7] o.s.w.s.handler.SimpleUrlHandlerMapping  : Mapped to ResourceHttpRequestHandler [classpath [META-INF/resources/], classpath [resources/], classpath [static/], classpath [public/], ServletContext [/]]
2025-11-11T23:14:08.816+05:30 DEBUG 5072 --- [criminal-face-detector] [http-nio-8080-exec-6] o.s.web.servlet.DispatcherServlet        : Completed 200 OK
2025-11-11T23:14:08.816+05:30 DEBUG 5072 --- [criminal-face-detector] [http-nio-8080-exec-7] o.s.web.servlet.DispatcherServlet        : Completed 200 OK
2025-11-11T23:14:09.654+05:30 DEBUG 5072 --- [criminal-face-detector] [http-nio-8080-exec-8] o.s.web.servlet.DispatcherServlet        : GET "/favicon.ico", parameters={}
2025-11-11T23:14:09.655+05:30 DEBUG 5072 --- [criminal-face-detector] [http-nio-8080-exec-8] o.s.w.s.handler.SimpleUrlHandlerMapping  : Mapped to ResourceHttpRequestHandler [classpath [META-INF/resources/], classpath [resources/], classpath [static/], classpath [public/], ServletContext [/]]
2025-11-11T23:14:09.657+05:30 DEBUG 5072 --- [criminal-face-detector] [http-nio-8080-exec-8] o.s.w.s.r.ResourceHttpRequestHandler     : Resource not found
2025-11-11T23:14:09.658+05:30 DEBUG 5072 --- [criminal-face-detector] [http-nio-8080-exec-8] .w.s.m.s.DefaultHandlerExceptionResolver : Resolved [org.springframework.web.servlet.resource.NoResourceFoundException: No static resource favicon.ico.]
2025-11-11T23:14:09.658+05:30 DEBUG 5072 --- [criminal-face-detector] [http-nio-8080-exec-8] o.s.web.servlet.DispatcherServlet        : Completed 404 NOT_FOUND
2025-11-11T23:14:09.659+05:30 DEBUG 5072 --- [criminal-face-detector] [http-nio-8080-exec-8] o.s.web.servlet.DispatcherServlet        : "ERROR" dispatch for GET "/error", parameters={}
2025-11-11T23:14:09.660+05:30 DEBUG 5072 --- [criminal-face-detector] [http-nio-8080-exec-8] s.w.s.m.m.a.RequestMappingHandlerMapping : Mapped to com.criminaldetector.controller.CriminalController#handleError(Model)
2025-11-11T23:14:09.661+05:30 DEBUG 5072 --- [criminal-face-detector] [http-nio-8080-exec-8] o.s.web.servlet.view.RedirectView        : View name 'redirect:', model {}
2025-11-11T23:14:09.662+05:30 DEBUG 5072 --- [criminal-face-detector] [http-nio-8080-exec-8] o.s.web.servlet.DispatcherServlet        : Exiting from "ERROR" dispatch, status 302
2025-11-11T23:14:09.672+05:30 DEBUG 5072 --- [criminal-face-detector] [http-nio-8080-exec-9] o.s.web.servlet.DispatcherServlet        : GET "/", parameters={}
2025-11-11T23:14:09.673+05:30 DEBUG 5072 --- [criminal-face-detector] [http-nio-8080-exec-9] s.w.s.m.m.a.RequestMappingHandlerMapping : Mapped to com.criminaldetector.controller.CriminalController#showDetectionPage(Model)
2025-11-11T23:14:09.675+05:30  INFO 5072 --- [criminal-face-detector] [http-nio-8080-exec-9] c.c.service.CriminalServiceImpl          : Fetching all criminals
2025-11-11T23:14:09.677+05:30 DEBUG 5072 --- [criminal-face-detector] [http-nio-8080-exec-9] org.hibernate.SQL                        : 
    select
        c1_0.id,
        c1_0.age,
        c1_0.created_at,
        c1_0.crime_details,
        c1_0.gender,
        c1_0.image,
        c1_0.name 
    from
        criminals c1_0
2025-11-11T23:14:09.684+05:30 DEBUG 5072 --- [criminal-face-detector] [http-nio-8080-exec-9] o.s.w.s.v.ContentNegotiatingViewResolver : Selected '*/*' given [image/avif, image/webp, image/apng, image/svg+xml, image/*, */*;q=0.8]
2025-11-11T23:14:09.688+05:30 DEBUG 5072 --- [criminal-face-detector] [http-nio-8080-exec-9] o.s.web.servlet.DispatcherServlet        : Completed 200 OK
2025-11-11T23:14:13.416+05:30 DEBUG 5072 --- [criminal-face-detector] [http-nio-8080-exec-1] o.s.web.servlet.DispatcherServlet        : GET "/criminal-list", parameters={}
2025-11-11T23:14:13.416+05:30 DEBUG 5072 --- [criminal-face-detector] [http-nio-8080-exec-1] s.w.s.m.m.a.RequestMappingHandlerMapping : Mapped to com.criminaldetector.controller.CriminalController#showCriminalList(Model)
2025-11-11T23:14:13.419+05:30  INFO 5072 --- [criminal-face-detector] [http-nio-8080-exec-1] c.c.service.CriminalServiceImpl          : Fetching all criminals
2025-11-11T23:14:13.422+05:30 DEBUG 5072 --- [criminal-face-detector] [http-nio-8080-exec-1] org.hibernate.SQL                        : 
    select
        c1_0.id,
        c1_0.age,
        c1_0.created_at,
        c1_0.crime_details,
        c1_0.gender,
        c1_0.image,
        c1_0.name 
    from
        criminals c1_0
2025-11-11T23:14:13.431+05:30 DEBUG 5072 --- [criminal-face-detector] [http-nio-8080-exec-1] o.s.w.s.v.ContentNegotiatingViewResolver : Selected 'text/html' given [text/html, application/xhtml+xml, image/avif, image/webp, image/apng, application/xml;q=0.9, */*;q=0.8, application/signed-exchange;v=b3;q=0.7]
2025-11-11T23:14:13.464+05:30 DEBUG 5072 --- [criminal-face-detector] [http-nio-8080-exec-1] o.s.web.servlet.DispatcherServlet        : Completed 200 OK
2025-11-11T23:14:13.494+05:30 DEBUG 5072 --- [criminal-face-detector] [http-nio-8080-exec-2] o.s.web.servlet.DispatcherServlet        : GET "/images/detector1.png", parameters={}
2025-11-11T23:14:13.494+05:30 DEBUG 5072 --- [criminal-face-detector] [http-nio-8080-exec-10] o.s.web.servlet.DispatcherServlet        : GET "/css/criminal-list.css", parameters={}
2025-11-11T23:14:13.495+05:30 DEBUG 5072 --- [criminal-face-detector] [http-nio-8080-exec-2] o.s.w.s.handler.SimpleUrlHandlerMapping  : Mapped to ResourceHttpRequestHandler [classpath [META-INF/resources/], classpath [resources/], classpath [static/], classpath [public/], ServletContext [/]]
2025-11-11T23:14:13.495+05:30 DEBUG 5072 --- [criminal-face-detector] [http-nio-8080-exec-10] o.s.w.s.handler.SimpleUrlHandlerMapping  : Mapped to ResourceHttpRequestHandler [classpath [META-INF/resources/], classpath [resources/], classpath [static/], classpath [public/], ServletContext [/]]
2025-11-11T23:14:13.497+05:30 DEBUG 5072 --- [criminal-face-detector] [http-nio-8080-exec-3] o.s.web.servlet.DispatcherServlet        : GET "/uploads/684e5075-abda-4ad0-8dbe-1f4849a36ca0.jpg", parameters={}
2025-11-11T23:14:13.497+05:30 DEBUG 5072 --- [criminal-face-detector] [http-nio-8080-exec-4] o.s.web.servlet.DispatcherServlet        : GET "/uploads/1e7b5f42-0049-49ec-847a-29ee7b05af7c.jpg", parameters={}
2025-11-11T23:14:13.499+05:30 DEBUG 5072 --- [criminal-face-detector] [http-nio-8080-exec-3] o.s.w.s.handler.SimpleUrlHandlerMapping  : Mapped to ResourceHttpRequestHandler [classpath [static/uploads/]]
2025-11-11T23:14:13.499+05:30 DEBUG 5072 --- [criminal-face-detector] [http-nio-8080-exec-4] o.s.w.s.handler.SimpleUrlHandlerMapping  : Mapped to ResourceHttpRequestHandler [classpath [static/uploads/]]
2025-11-11T23:14:13.504+05:30 DEBUG 5072 --- [criminal-face-detector] [http-nio-8080-exec-10] o.s.web.servlet.DispatcherServlet        : Completed 200 OK
2025-11-11T23:14:13.507+05:30 DEBUG 5072 --- [criminal-face-detector] [http-nio-8080-exec-4] o.s.web.servlet.DispatcherServlet        : Completed 200 OK
2025-11-11T23:14:13.514+05:30 DEBUG 5072 --- [criminal-face-detector] [http-nio-8080-exec-3] o.s.web.servlet.DispatcherServlet        : Completed 200 OK
2025-11-11T23:14:13.526+05:30 DEBUG 5072 --- [criminal-face-detector] [http-nio-8080-exec-5] o.s.web.servlet.DispatcherServlet        : GET "/images/backimg.jpg", parameters={}
2025-11-11T23:14:13.527+05:30 DEBUG 5072 --- [criminal-face-detector] [http-nio-8080-exec-5] o.s.w.s.handler.SimpleUrlHandlerMapping  : Mapped to ResourceHttpRequestHandler [classpath [META-INF/resources/], classpath [resources/], classpath [static/], classpath [public/], ServletContext [/]]
2025-11-11T23:14:13.531+05:30 DEBUG 5072 --- [criminal-face-detector] [http-nio-8080-exec-2] o.s.web.servlet.DispatcherServlet        : Completed 200 OK
2025-11-11T23:14:13.534+05:30 DEBUG 5072 --- [criminal-face-detector] [http-nio-8080-exec-5] o.s.web.servlet.DispatcherServlet        : Completed 200 OK
2025-11-11T23:14:13.856+05:30 DEBUG 5072 --- [criminal-face-detector] [http-nio-8080-exec-7] o.s.web.servlet.DispatcherServlet        : GET "/favicon.ico", parameters={}
2025-11-11T23:14:13.859+05:30 DEBUG 5072 --- [criminal-face-detector] [http-nio-8080-exec-7] o.s.w.s.handler.SimpleUrlHandlerMapping  : Mapped to ResourceHttpRequestHandler [classpath [META-INF/resources/], classpath [resources/], classpath [static/], classpath [public/], ServletContext [/]]
2025-11-11T23:14:13.884+05:30 DEBUG 5072 --- [criminal-face-detector] [http-nio-8080-exec-7] o.s.w.s.r.ResourceHttpRequestHandler     : Resource not found
2025-11-11T23:14:13.885+05:30 DEBUG 5072 --- [criminal-face-detector] [http-nio-8080-exec-7] .w.s.m.s.DefaultHandlerExceptionResolver : Resolved [org.springframework.web.servlet.resource.NoResourceFoundException: No static resource favicon.ico.]
2025-11-11T23:14:13.886+05:30 DEBUG 5072 --- [criminal-face-detector] [http-nio-8080-exec-7] o.s.web.servlet.DispatcherServlet        : Completed 404 NOT_FOUND
2025-11-11T23:14:13.888+05:30 DEBUG 5072 --- [criminal-face-detector] [http-nio-8080-exec-7] o.s.web.servlet.DispatcherServlet        : "ERROR" dispatch for GET "/error", parameters={}
2025-11-11T23:14:13.889+05:30 DEBUG 5072 --- [criminal-face-detector] [http-nio-8080-exec-7] s.w.s.m.m.a.RequestMappingHandlerMapping : Mapped to com.criminaldetector.controller.CriminalController#handleError(Model)
2025-11-11T23:14:13.890+05:30 DEBUG 5072 --- [criminal-face-detector] [http-nio-8080-exec-7] o.s.web.servlet.view.RedirectView        : View name 'redirect:', model {}
2025-11-11T23:14:13.890+05:30 DEBUG 5072 --- [criminal-face-detector] [http-nio-8080-exec-7] o.s.web.servlet.DispatcherServlet        : Exiting from "ERROR" dispatch, status 302
2025-11-11T23:14:14.255+05:30 DEBUG 5072 --- [criminal-face-detector] [http-nio-8080-exec-6] o.s.web.servlet.DispatcherServlet        : GET "/", parameters={}
2025-11-11T23:14:14.256+05:30 DEBUG 5072 --- [criminal-face-detector] [http-nio-8080-exec-6] s.w.s.m.m.a.RequestMappingHandlerMapping : Mapped to com.criminaldetector.controller.CriminalController#showDetectionPage(Model)
2025-11-11T23:14:14.258+05:30  INFO 5072 --- [criminal-face-detector] [http-nio-8080-exec-6] c.c.service.CriminalServiceImpl          : Fetching all criminals
2025-11-11T23:14:14.263+05:30 DEBUG 5072 --- [criminal-face-detector] [http-nio-8080-exec-6] org.hibernate.SQL                        : 
    select
        c1_0.id,
        c1_0.age,
        c1_0.created_at,
        c1_0.crime_details,
        c1_0.gender,
        c1_0.image,
        c1_0.name 
    from
        criminals c1_0
2025-11-11T23:14:14.269+05:30 DEBUG 5072 --- [criminal-face-detector] [http-nio-8080-exec-6] o.s.w.s.v.ContentNegotiatingViewResolver : Selected '*/*' given [image/avif, image/webp, image/apng, image/svg+xml, image/*, */*;q=0.8]
2025-11-11T23:14:14.271+05:30 DEBUG 5072 --- [criminal-face-detector] [http-nio-8080-exec-6] o.s.web.servlet.DispatcherServlet        : Completed 200 OK
2025-11-11T23:14:21.941+05:30 DEBUG 5072 --- [criminal-face-detector] [http-nio-8080-exec-8] o.s.web.servlet.DispatcherServlet        : GET "/criminal-list", parameters={}
2025-11-11T23:14:21.943+05:30 DEBUG 5072 --- [criminal-face-detector] [http-nio-8080-exec-8] s.w.s.m.m.a.RequestMappingHandlerMapping : Mapped to com.criminaldetector.controller.CriminalController#showCriminalList(Model)
2025-11-11T23:14:21.946+05:30  INFO 5072 --- [criminal-face-detector] [http-nio-8080-exec-8] c.c.service.CriminalServiceImpl          : Fetching all criminals
2025-11-11T23:14:21.949+05:30 DEBUG 5072 --- [criminal-face-detector] [http-nio-8080-exec-8] org.hibernate.SQL                        : 
    select
        c1_0.id,
        c1_0.age,
        c1_0.created_at,
        c1_0.crime_details,
        c1_0.gender,
        c1_0.image,
        c1_0.name 
    from
        criminals c1_0
2025-11-11T23:14:21.955+05:30 DEBUG 5072 --- [criminal-face-detector] [http-nio-8080-exec-8] o.s.w.s.v.ContentNegotiatingViewResolver : Selected 'text/html' given [text/html, application/xhtml+xml, image/avif, image/webp, image/apng, application/xml;q=0.9, */*;q=0.8, application/signed-exchange;v=b3;q=0.7]
2025-11-11T23:14:21.963+05:30 DEBUG 5072 --- [criminal-face-detector] [http-nio-8080-exec-8] o.s.web.servlet.DispatcherServlet        : Completed 200 OK
2025-11-11T23:14:22.012+05:30 DEBUG 5072 --- [criminal-face-detector] [http-nio-8080-exec-9] o.s.web.servlet.DispatcherServlet        : GET "/css/criminal-list.css", parameters={}
2025-11-11T23:14:22.013+05:30 DEBUG 5072 --- [criminal-face-detector] [http-nio-8080-exec-1] o.s.web.servlet.DispatcherServlet        : GET "/images/detector1.png", parameters={}
2025-11-11T23:14:22.014+05:30 DEBUG 5072 --- [criminal-face-detector] [http-nio-8080-exec-4] o.s.web.servlet.DispatcherServlet        : GET "/uploads/1e7b5f42-0049-49ec-847a-29ee7b05af7c.jpg", parameters={}
2025-11-11T23:14:22.015+05:30 DEBUG 5072 --- [criminal-face-detector] [http-nio-8080-exec-10] o.s.web.servlet.DispatcherServlet        : GET "/uploads/684e5075-abda-4ad0-8dbe-1f4849a36ca0.jpg", parameters={}
2025-11-11T23:14:22.016+05:30 DEBUG 5072 --- [criminal-face-detector] [http-nio-8080-exec-9] o.s.w.s.handler.SimpleUrlHandlerMapping  : Mapped to ResourceHttpRequestHandler [classpath [META-INF/resources/], classpath [resources/], classpath [static/], classpath [public/], ServletContext [/]]
2025-11-11T23:14:22.017+05:30 DEBUG 5072 --- [criminal-face-detector] [http-nio-8080-exec-1] o.s.w.s.handler.SimpleUrlHandlerMapping  : Mapped to ResourceHttpRequestHandler [classpath [META-INF/resources/], classpath [resources/], classpath [static/], classpath [public/], ServletContext [/]]
2025-11-11T23:14:22.028+05:30 DEBUG 5072 --- [criminal-face-detector] [http-nio-8080-exec-4] o.s.w.s.handler.SimpleUrlHandlerMapping  : Mapped to ResourceHttpRequestHandler [classpath [static/uploads/]]
2025-11-11T23:14:22.027+05:30 DEBUG 5072 --- [criminal-face-detector] [http-nio-8080-exec-10] o.s.w.s.handler.SimpleUrlHandlerMapping  : Mapped to ResourceHttpRequestHandler [classpath [static/uploads/]]
2025-11-11T23:14:22.039+05:30 DEBUG 5072 --- [criminal-face-detector] [http-nio-8080-exec-10] o.s.web.servlet.DispatcherServlet        : Completed 200 OK
2025-11-11T23:14:22.046+05:30 DEBUG 5072 --- [criminal-face-detector] [http-nio-8080-exec-4] o.s.web.servlet.DispatcherServlet        : Completed 200 OK
2025-11-11T23:14:22.046+05:30 DEBUG 5072 --- [criminal-face-detector] [http-nio-8080-exec-9] o.s.web.servlet.DispatcherServlet        : Completed 200 OK
2025-11-11T23:14:22.062+05:30 DEBUG 5072 --- [criminal-face-detector] [http-nio-8080-exec-1] o.s.web.servlet.DispatcherServlet        : Completed 200 OK
2025-11-11T23:14:22.072+05:30 DEBUG 5072 --- [criminal-face-detector] [http-nio-8080-exec-3] o.s.web.servlet.DispatcherServlet        : GET "/images/backimg.jpg", parameters={}
2025-11-11T23:14:22.074+05:30 DEBUG 5072 --- [criminal-face-detector] [http-nio-8080-exec-3] o.s.w.s.handler.SimpleUrlHandlerMapping  : Mapped to ResourceHttpRequestHandler [classpath [META-INF/resources/], classpath [resources/], classpath [static/], classpath [public/], ServletContext [/]]
2025-11-11T23:14:22.079+05:30 DEBUG 5072 --- [criminal-face-detector] [http-nio-8080-exec-3] o.s.web.servlet.DispatcherServlet        : Completed 200 OK
2025-11-11T23:14:22.708+05:30 DEBUG 5072 --- [criminal-face-detector] [http-nio-8080-exec-2] o.s.web.servlet.DispatcherServlet        : GET "/favicon.ico", parameters={}
2025-11-11T23:14:22.709+05:30 DEBUG 5072 --- [criminal-face-detector] [http-nio-8080-exec-2] o.s.w.s.handler.SimpleUrlHandlerMapping  : Mapped to ResourceHttpRequestHandler [classpath [META-INF/resources/], classpath [resources/], classpath [static/], classpath [public/], ServletContext [/]]
2025-11-11T23:14:22.714+05:30 DEBUG 5072 --- [criminal-face-detector] [http-nio-8080-exec-2] o.s.w.s.r.ResourceHttpRequestHandler     : Resource not found
2025-11-11T23:14:22.715+05:30 DEBUG 5072 --- [criminal-face-detector] [http-nio-8080-exec-2] .w.s.m.s.DefaultHandlerExceptionResolver : Resolved [org.springframework.web.servlet.resource.NoResourceFoundException: No static resource favicon.ico.]
2025-11-11T23:14:22.715+05:30 DEBUG 5072 --- [criminal-face-detector] [http-nio-8080-exec-2] o.s.web.servlet.DispatcherServlet        : Completed 404 NOT_FOUND
2025-11-11T23:14:22.719+05:30 DEBUG 5072 --- [criminal-face-detector] [http-nio-8080-exec-2] o.s.web.servlet.DispatcherServlet        : "ERROR" dispatch for GET "/error", parameters={}
2025-11-11T23:14:22.720+05:30 DEBUG 5072 --- [criminal-face-detector] [http-nio-8080-exec-2] s.w.s.m.m.a.RequestMappingHandlerMapping : Mapped to com.criminaldetector.controller.CriminalController#handleError(Model)
2025-11-11T23:14:22.721+05:30 DEBUG 5072 --- [criminal-face-detector] [http-nio-8080-exec-2] o.s.web.servlet.view.RedirectView        : View name 'redirect:', model {}
2025-11-11T23:14:22.722+05:30 DEBUG 5072 --- [criminal-face-detector] [http-nio-8080-exec-2] o.s.web.servlet.DispatcherServlet        : Exiting from "ERROR" dispatch, status 302
2025-11-11T23:14:22.728+05:30 DEBUG 5072 --- [criminal-face-detector] [http-nio-8080-exec-5] o.s.web.servlet.DispatcherServlet        : GET "/", parameters={}
2025-11-11T23:14:22.729+05:30 DEBUG 5072 --- [criminal-face-detector] [http-nio-8080-exec-5] s.w.s.m.m.a.RequestMappingHandlerMapping : Mapped to com.criminaldetector.controller.CriminalController#showDetectionPage(Model)
2025-11-11T23:14:22.732+05:30  INFO 5072 --- [criminal-face-detector] [http-nio-8080-exec-5] c.c.service.CriminalServiceImpl          : Fetching all criminals
2025-11-11T23:14:22.734+05:30 DEBUG 5072 --- [criminal-face-detector] [http-nio-8080-exec-5] org.hibernate.SQL                        : 
    select
        c1_0.id,
        c1_0.age,
        c1_0.created_at,
        c1_0.crime_details,
        c1_0.gender,
        c1_0.image,
        c1_0.name 
    from
        criminals c1_0
2025-11-11T23:14:22.740+05:30 DEBUG 5072 --- [criminal-face-detector] [http-nio-8080-exec-5] o.s.w.s.v.ContentNegotiatingViewResolver : Selected '*/*' given [image/avif, image/webp, image/apng, image/svg+xml, image/*, */*;q=0.8]
2025-11-11T23:14:22.742+05:30 DEBUG 5072 --- [criminal-face-detector] [http-nio-8080-exec-5] o.s.web.servlet.DispatcherServlet        : Completed 200 OK
2025-11-11T23:14:25.984+05:30 DEBUG 5072 --- [criminal-face-detector] [http-nio-8080-exec-7] o.s.web.servlet.DispatcherServlet        : DELETE "/deleteCriminal/109", parameters={}
2025-11-11T23:14:25.985+05:30 DEBUG 5072 --- [criminal-face-detector] [http-nio-8080-exec-7] s.w.s.m.m.a.RequestMappingHandlerMapping : Mapped to com.criminaldetector.controller.CriminalController#deleteCriminal(Long)
2025-11-11T23:14:25.994+05:30  INFO 5072 --- [criminal-face-detector] [http-nio-8080-exec-7] c.c.service.CriminalServiceImpl          : Fetching criminal with ID: 109
2025-11-11T23:14:26.017+05:30 DEBUG 5072 --- [criminal-face-detector] [http-nio-8080-exec-7] org.hibernate.SQL                        : 
    select
        c1_0.id,
        c1_0.age,
        c1_0.created_at,
        c1_0.crime_details,
        c1_0.gender,
        c1_0.image,
        c1_0.name 
    from
        criminals c1_0 
    where
        c1_0.id=?
2025-11-11T23:14:26.027+05:30  INFO 5072 --- [criminal-face-detector] [http-nio-8080-exec-7] c.c.service.CriminalServiceImpl          : Deleting criminal with ID: 109
2025-11-11T23:14:26.040+05:30  INFO 5072 --- [criminal-face-detector] [http-nio-8080-exec-7] c.c.service.CriminalServiceImpl          : Successfully deleted criminal with ID: 109
2025-11-11T23:14:26.050+05:30 DEBUG 5072 --- [criminal-face-detector] [http-nio-8080-exec-7] org.hibernate.SQL                        : 
    delete 
    from
        criminals 
    where
        id=?
2025-11-11T23:14:26.089+05:30 DEBUG 5072 --- [criminal-face-detector] [http-nio-8080-exec-7] o.s.w.s.m.m.a.HttpEntityMethodProcessor  : Using 'application/octet-stream', given [*/*] and supported [*/*]
2025-11-11T23:14:26.090+05:30 DEBUG 5072 --- [criminal-face-detector] [http-nio-8080-exec-7] o.s.web.servlet.DispatcherServlet        : Completed 200 OK
2025-11-11T23:14:26.108+05:30 DEBUG 5072 --- [criminal-face-detector] [http-nio-8080-exec-6] o.s.web.servlet.DispatcherServlet        : GET "/criminal-list", parameters={}
2025-11-11T23:14:26.108+05:30 DEBUG 5072 --- [criminal-face-detector] [http-nio-8080-exec-6] s.w.s.m.m.a.RequestMappingHandlerMapping : Mapped to com.criminaldetector.controller.CriminalController#showCriminalList(Model)
2025-11-11T23:14:26.113+05:30  INFO 5072 --- [criminal-face-detector] [http-nio-8080-exec-6] c.c.service.CriminalServiceImpl          : Fetching all criminals
2025-11-11T23:14:26.116+05:30 DEBUG 5072 --- [criminal-face-detector] [http-nio-8080-exec-6] org.hibernate.SQL                        : 
    select
        c1_0.id,
        c1_0.age,
        c1_0.created_at,
        c1_0.crime_details,
        c1_0.gender,
        c1_0.image,
        c1_0.name 
    from
        criminals c1_0
2025-11-11T23:14:26.122+05:30 DEBUG 5072 --- [criminal-face-detector] [http-nio-8080-exec-6] o.s.w.s.v.ContentNegotiatingViewResolver : Selected 'text/html' given [text/html, application/xhtml+xml, image/avif, image/webp, image/apng, application/xml;q=0.9, */*;q=0.8, application/signed-exchange;v=b3;q=0.7]
2025-11-11T23:14:26.127+05:30 DEBUG 5072 --- [criminal-face-detector] [http-nio-8080-exec-6] o.s.web.servlet.DispatcherServlet        : Completed 200 OK
2025-11-11T23:14:26.149+05:30 DEBUG 5072 --- [criminal-face-detector] [http-nio-8080-exec-8] o.s.web.servlet.DispatcherServlet        : GET "/css/criminal-list.css", parameters={}
2025-11-11T23:14:26.149+05:30 DEBUG 5072 --- [criminal-face-detector] [http-nio-8080-exec-10] o.s.web.servlet.DispatcherServlet        : GET "/images/detector1.png", parameters={}
2025-11-11T23:14:26.149+05:30 DEBUG 5072 --- [criminal-face-detector] [http-nio-8080-exec-4] o.s.web.servlet.DispatcherServlet        : GET "/uploads/1e7b5f42-0049-49ec-847a-29ee7b05af7c.jpg", parameters={}
2025-11-11T23:14:26.150+05:30 DEBUG 5072 --- [criminal-face-detector] [http-nio-8080-exec-8] o.s.w.s.handler.SimpleUrlHandlerMapping  : Mapped to ResourceHttpRequestHandler [classpath [META-INF/resources/], classpath [resources/], classpath [static/], classpath [public/], ServletContext [/]]
2025-11-11T23:14:26.152+05:30 DEBUG 5072 --- [criminal-face-detector] [http-nio-8080-exec-4] o.s.w.s.handler.SimpleUrlHandlerMapping  : Mapped to ResourceHttpRequestHandler [classpath [static/uploads/]]
2025-11-11T23:14:26.152+05:30 DEBUG 5072 --- [criminal-face-detector] [http-nio-8080-exec-10] o.s.w.s.handler.SimpleUrlHandlerMapping  : Mapped to ResourceHttpRequestHandler [classpath [META-INF/resources/], classpath [resources/], classpath [static/], classpath [public/], ServletContext [/]]
2025-11-11T23:14:26.155+05:30 DEBUG 5072 --- [criminal-face-detector] [http-nio-8080-exec-8] o.s.web.servlet.DispatcherServlet        : Completed 200 OK
2025-11-11T23:14:26.159+05:30 DEBUG 5072 --- [criminal-face-detector] [http-nio-8080-exec-4] o.s.web.servlet.DispatcherServlet        : Completed 200 OK
2025-11-11T23:14:26.171+05:30 DEBUG 5072 --- [criminal-face-detector] [http-nio-8080-exec-9] o.s.web.servlet.DispatcherServlet        : GET "/images/backimg.jpg", parameters={}
2025-11-11T23:14:26.172+05:30 DEBUG 5072 --- [criminal-face-detector] [http-nio-8080-exec-9] o.s.w.s.handler.SimpleUrlHandlerMapping  : Mapped to ResourceHttpRequestHandler [classpath [META-INF/resources/], classpath [resources/], classpath [static/], classpath [public/], ServletContext [/]]
2025-11-11T23:14:26.178+05:30 DEBUG 5072 --- [criminal-face-detector] [http-nio-8080-exec-9] o.s.web.servlet.DispatcherServlet        : Completed 200 OK
2025-11-11T23:14:26.188+05:30 DEBUG 5072 --- [criminal-face-detector] [http-nio-8080-exec-10] o.s.web.servlet.DispatcherServlet        : Completed 200 OK
2025-11-11T23:14:26.527+05:30 DEBUG 5072 --- [criminal-face-detector] [http-nio-8080-exec-1] o.s.web.servlet.DispatcherServlet        : GET "/favicon.ico", parameters={}
2025-11-11T23:14:26.529+05:30 DEBUG 5072 --- [criminal-face-detector] [http-nio-8080-exec-1] o.s.w.s.handler.SimpleUrlHandlerMapping  : Mapped to ResourceHttpRequestHandler [classpath [META-INF/resources/], classpath [resources/], classpath [static/], classpath [public/], ServletContext [/]]
2025-11-11T23:14:26.532+05:30 DEBUG 5072 --- [criminal-face-detector] [http-nio-8080-exec-1] o.s.w.s.r.ResourceHttpRequestHandler     : Resource not found
2025-11-11T23:14:26.538+05:30 DEBUG 5072 --- [criminal-face-detector] [http-nio-8080-exec-1] .w.s.m.s.DefaultHandlerExceptionResolver : Resolved [org.springframework.web.servlet.resource.NoResourceFoundException: No static resource favicon.ico.]
2025-11-11T23:14:26.541+05:30 DEBUG 5072 --- [criminal-face-detector] [http-nio-8080-exec-1] o.s.web.servlet.DispatcherServlet        : Completed 404 NOT_FOUND
2025-11-11T23:14:26.543+05:30 DEBUG 5072 --- [criminal-face-detector] [http-nio-8080-exec-1] o.s.web.servlet.DispatcherServlet        : "ERROR" dispatch for GET "/error", parameters={}
2025-11-11T23:14:26.544+05:30 DEBUG 5072 --- [criminal-face-detector] [http-nio-8080-exec-1] s.w.s.m.m.a.RequestMappingHandlerMapping : Mapped to com.criminaldetector.controller.CriminalController#handleError(Model)
2025-11-11T23:14:26.546+05:30 DEBUG 5072 --- [criminal-face-detector] [http-nio-8080-exec-1] o.s.web.servlet.view.RedirectView        : View name 'redirect:', model {}
2025-11-11T23:14:26.547+05:30 DEBUG 5072 --- [criminal-face-detector] [http-nio-8080-exec-1] o.s.web.servlet.DispatcherServlet        : Exiting from "ERROR" dispatch, status 302
2025-11-11T23:14:26.968+05:30 DEBUG 5072 --- [criminal-face-detector] [http-nio-8080-exec-3] o.s.web.servlet.DispatcherServlet        : GET "/", parameters={}
2025-11-11T23:14:26.968+05:30 DEBUG 5072 --- [criminal-face-detector] [http-nio-8080-exec-3] s.w.s.m.m.a.RequestMappingHandlerMapping : Mapped to com.criminaldetector.controller.CriminalController#showDetectionPage(Model)
2025-11-11T23:14:26.972+05:30  INFO 5072 --- [criminal-face-detector] [http-nio-8080-exec-3] c.c.service.CriminalServiceImpl          : Fetching all criminals
2025-11-11T23:14:26.974+05:30 DEBUG 5072 --- [criminal-face-detector] [http-nio-8080-exec-3] org.hibernate.SQL                        : 
    select
        c1_0.id,
        c1_0.age,
        c1_0.created_at,
        c1_0.crime_details,
        c1_0.gender,
        c1_0.image,
        c1_0.name 
    from
        criminals c1_0
2025-11-11T23:14:26.980+05:30 DEBUG 5072 --- [criminal-face-detector] [http-nio-8080-exec-3] o.s.w.s.v.ContentNegotiatingViewResolver : Selected '*/*' given [image/avif, image/webp, image/apng, image/svg+xml, image/*, */*;q=0.8]
2025-11-11T23:14:26.984+05:30 DEBUG 5072 --- [criminal-face-detector] [http-nio-8080-exec-3] o.s.web.servlet.DispatcherServlet        : Completed 200 OK
2025-11-11T23:14:29.012+05:30 DEBUG 5072 --- [criminal-face-detector] [http-nio-8080-exec-2] o.s.web.servlet.DispatcherServlet        : DELETE "/deleteCriminal/110", parameters={}
2025-11-11T23:14:29.014+05:30 DEBUG 5072 --- [criminal-face-detector] [http-nio-8080-exec-2] s.w.s.m.m.a.RequestMappingHandlerMapping : Mapped to com.criminaldetector.controller.CriminalController#deleteCriminal(Long)
2025-11-11T23:14:29.023+05:30  INFO 5072 --- [criminal-face-detector] [http-nio-8080-exec-2] c.c.service.CriminalServiceImpl          : Fetching criminal with ID: 110
2025-11-11T23:14:29.025+05:30 DEBUG 5072 --- [criminal-face-detector] [http-nio-8080-exec-2] org.hibernate.SQL                        : 
    select
        c1_0.id,
        c1_0.age,
        c1_0.created_at,
        c1_0.crime_details,
        c1_0.gender,
        c1_0.image,
        c1_0.name 
    from
        criminals c1_0 
    where
        c1_0.id=?
2025-11-11T23:14:29.036+05:30  INFO 5072 --- [criminal-face-detector] [http-nio-8080-exec-2] c.c.service.CriminalServiceImpl          : Deleting criminal with ID: 110
2025-11-11T23:14:29.039+05:30  INFO 5072 --- [criminal-face-detector] [http-nio-8080-exec-2] c.c.service.CriminalServiceImpl          : Successfully deleted criminal with ID: 110
2025-11-11T23:14:29.042+05:30 DEBUG 5072 --- [criminal-face-detector] [http-nio-8080-exec-2] org.hibernate.SQL                        : 
    delete 
    from
        criminals 
    where
        id=?
2025-11-11T23:14:29.055+05:30 DEBUG 5072 --- [criminal-face-detector] [http-nio-8080-exec-2] o.s.w.s.m.m.a.HttpEntityMethodProcessor  : Using 'application/octet-stream', given [*/*] and supported [*/*]
2025-11-11T23:14:29.057+05:30 DEBUG 5072 --- [criminal-face-detector] [http-nio-8080-exec-2] o.s.web.servlet.DispatcherServlet        : Completed 200 OK
2025-11-11T23:14:29.085+05:30 DEBUG 5072 --- [criminal-face-detector] [http-nio-8080-exec-5] o.s.web.servlet.DispatcherServlet        : GET "/criminal-list", parameters={}
2025-11-11T23:14:29.087+05:30 DEBUG 5072 --- [criminal-face-detector] [http-nio-8080-exec-5] s.w.s.m.m.a.RequestMappingHandlerMapping : Mapped to com.criminaldetector.controller.CriminalController#showCriminalList(Model)
2025-11-11T23:14:29.091+05:30  INFO 5072 --- [criminal-face-detector] [http-nio-8080-exec-5] c.c.service.CriminalServiceImpl          : Fetching all criminals
2025-11-11T23:14:29.095+05:30 DEBUG 5072 --- [criminal-face-detector] [http-nio-8080-exec-5] org.hibernate.SQL                        : 
    select
        c1_0.id,
        c1_0.age,
        c1_0.created_at,
        c1_0.crime_details,
        c1_0.gender,
        c1_0.image,
        c1_0.name 
    from
        criminals c1_0
2025-11-11T23:14:29.104+05:30 DEBUG 5072 --- [criminal-face-detector] [http-nio-8080-exec-5] o.s.w.s.v.ContentNegotiatingViewResolver : Selected 'text/html' given [text/html, application/xhtml+xml, image/avif, image/webp, image/apng, application/xml;q=0.9, */*;q=0.8, application/signed-exchange;v=b3;q=0.7]
2025-11-11T23:14:29.108+05:30 DEBUG 5072 --- [criminal-face-detector] [http-nio-8080-exec-5] o.s.web.servlet.DispatcherServlet        : Completed 200 OK
2025-11-11T23:14:29.143+05:30 DEBUG 5072 --- [criminal-face-detector] [http-nio-8080-exec-6] o.s.web.servlet.DispatcherServlet        : GET "/images/detector1.png", parameters={}
2025-11-11T23:14:29.143+05:30 DEBUG 5072 --- [criminal-face-detector] [http-nio-8080-exec-7] o.s.web.servlet.DispatcherServlet        : GET "/css/criminal-list.css", parameters={}
2025-11-11T23:14:29.144+05:30 DEBUG 5072 --- [criminal-face-detector] [http-nio-8080-exec-6] o.s.w.s.handler.SimpleUrlHandlerMapping  : Mapped to ResourceHttpRequestHandler [classpath [META-INF/resources/], classpath [resources/], classpath [static/], classpath [public/], ServletContext [/]]
2025-11-11T23:14:29.144+05:30 DEBUG 5072 --- [criminal-face-detector] [http-nio-8080-exec-7] o.s.w.s.handler.SimpleUrlHandlerMapping  : Mapped to ResourceHttpRequestHandler [classpath [META-INF/resources/], classpath [resources/], classpath [static/], classpath [public/], ServletContext [/]]
2025-11-11T23:14:29.150+05:30 DEBUG 5072 --- [criminal-face-detector] [http-nio-8080-exec-7] o.s.web.servlet.DispatcherServlet        : Completed 200 OK
2025-11-11T23:14:29.171+05:30 DEBUG 5072 --- [criminal-face-detector] [http-nio-8080-exec-8] o.s.web.servlet.DispatcherServlet        : GET "/images/backimg.jpg", parameters={}
2025-11-11T23:14:29.172+05:30 DEBUG 5072 --- [criminal-face-detector] [http-nio-8080-exec-8] o.s.w.s.handler.SimpleUrlHandlerMapping  : Mapped to ResourceHttpRequestHandler [classpath [META-INF/resources/], classpath [resources/], classpath [static/], classpath [public/], ServletContext [/]]
2025-11-11T23:14:29.174+05:30 DEBUG 5072 --- [criminal-face-detector] [http-nio-8080-exec-6] o.s.web.servlet.DispatcherServlet        : Completed 200 OK
2025-11-11T23:14:29.183+05:30 DEBUG 5072 --- [criminal-face-detector] [http-nio-8080-exec-8] o.s.web.servlet.DispatcherServlet        : Completed 200 OK
2025-11-11T23:14:29.563+05:30 DEBUG 5072 --- [criminal-face-detector] [http-nio-8080-exec-4] o.s.web.servlet.DispatcherServlet        : GET "/favicon.ico", parameters={}
2025-11-11T23:14:29.563+05:30 DEBUG 5072 --- [criminal-face-detector] [http-nio-8080-exec-4] o.s.w.s.handler.SimpleUrlHandlerMapping  : Mapped to ResourceHttpRequestHandler [classpath [META-INF/resources/], classpath [resources/], classpath [static/], classpath [public/], ServletContext [/]]
2025-11-11T23:14:29.567+05:30 DEBUG 5072 --- [criminal-face-detector] [http-nio-8080-exec-4] o.s.w.s.r.ResourceHttpRequestHandler     : Resource not found
2025-11-11T23:14:29.567+05:30 DEBUG 5072 --- [criminal-face-detector] [http-nio-8080-exec-4] .w.s.m.s.DefaultHandlerExceptionResolver : Resolved [org.springframework.web.servlet.resource.NoResourceFoundException: No static resource favicon.ico.]
2025-11-11T23:14:29.569+05:30 DEBUG 5072 --- [criminal-face-detector] [http-nio-8080-exec-4] o.s.web.servlet.DispatcherServlet        : Completed 404 NOT_FOUND
2025-11-11T23:14:29.570+05:30 DEBUG 5072 --- [criminal-face-detector] [http-nio-8080-exec-4] o.s.web.servlet.DispatcherServlet        : "ERROR" dispatch for GET "/error", parameters={}
2025-11-11T23:14:29.571+05:30 DEBUG 5072 --- [criminal-face-detector] [http-nio-8080-exec-4] s.w.s.m.m.a.RequestMappingHandlerMapping : Mapped to com.criminaldetector.controller.CriminalController#handleError(Model)
2025-11-11T23:14:29.572+05:30 DEBUG 5072 --- [criminal-face-detector] [http-nio-8080-exec-4] o.s.web.servlet.view.RedirectView        : View name 'redirect:', model {}
2025-11-11T23:14:29.573+05:30 DEBUG 5072 --- [criminal-face-detector] [http-nio-8080-exec-4] o.s.web.servlet.DispatcherServlet        : Exiting from "ERROR" dispatch, status 302
2025-11-11T23:14:29.937+05:30 DEBUG 5072 --- [criminal-face-detector] [http-nio-8080-exec-9] o.s.web.servlet.DispatcherServlet        : GET "/", parameters={}
2025-11-11T23:14:29.937+05:30 DEBUG 5072 --- [criminal-face-detector] [http-nio-8080-exec-9] s.w.s.m.m.a.RequestMappingHandlerMapping : Mapped to com.criminaldetector.controller.CriminalController#showDetectionPage(Model)
2025-11-11T23:14:29.940+05:30  INFO 5072 --- [criminal-face-detector] [http-nio-8080-exec-9] c.c.service.CriminalServiceImpl          : Fetching all criminals
2025-11-11T23:14:29.942+05:30 DEBUG 5072 --- [criminal-face-detector] [http-nio-8080-exec-9] org.hibernate.SQL                        : 
    select
        c1_0.id,
        c1_0.age,
        c1_0.created_at,
        c1_0.crime_details,
        c1_0.gender,
        c1_0.image,
        c1_0.name 
    from
        criminals c1_0
2025-11-11T23:14:29.947+05:30 DEBUG 5072 --- [criminal-face-detector] [http-nio-8080-exec-9] o.s.w.s.v.ContentNegotiatingViewResolver : Selected '*/*' given [image/avif, image/webp, image/apng, image/svg+xml, image/*, */*;q=0.8]
2025-11-11T23:14:29.949+05:30 DEBUG 5072 --- [criminal-face-detector] [http-nio-8080-exec-9] o.s.web.servlet.DispatcherServlet        : Completed 200 OK
2025-11-11T23:16:39.518+05:30 DEBUG 5072 --- [criminal-face-detector] [http-nio-8080-exec-5] o.s.web.servlet.DispatcherServlet        : GET "/criminal-list", parameters={}
2025-11-11T23:16:39.521+05:30 DEBUG 5072 --- [criminal-face-detector] [http-nio-8080-exec-5] s.w.s.m.m.a.RequestMappingHandlerMapping : Mapped to com.criminaldetector.controller.CriminalController#showCriminalList(Model)
2025-11-11T23:16:39.526+05:30  INFO 5072 --- [criminal-face-detector] [http-nio-8080-exec-5] c.c.service.CriminalServiceImpl          : Fetching all criminals
2025-11-11T23:16:39.530+05:30 DEBUG 5072 --- [criminal-face-detector] [http-nio-8080-exec-5] org.hibernate.SQL                        : 
    select
        c1_0.id,
        c1_0.age,
        c1_0.created_at,
        c1_0.crime_details,
        c1_0.gender,
        c1_0.image,
        c1_0.name 
    from
        criminals c1_0
2025-11-11T23:16:39.536+05:30 DEBUG 5072 --- [criminal-face-detector] [http-nio-8080-exec-5] o.s.w.s.v.ContentNegotiatingViewResolver : Selected 'text/html' given [text/html, application/xhtml+xml, image/avif, image/webp, image/apng, application/xml;q=0.9, */*;q=0.8, application/signed-exchange;v=b3;q=0.7]
2025-11-11T23:16:39.539+05:30 DEBUG 5072 --- [criminal-face-detector] [http-nio-8080-exec-5] o.s.web.servlet.DispatcherServlet        : Completed 200 OK
2025-11-11T23:16:39.595+05:30 DEBUG 5072 --- [criminal-face-detector] [http-nio-8080-exec-7] o.s.web.servlet.DispatcherServlet        : GET "/css/criminal-list.css", parameters={}
2025-11-11T23:16:39.595+05:30 DEBUG 5072 --- [criminal-face-detector] [http-nio-8080-exec-6] o.s.web.servlet.DispatcherServlet        : GET "/images/detector1.png", parameters={}
2025-11-11T23:16:39.596+05:30 DEBUG 5072 --- [criminal-face-detector] [http-nio-8080-exec-7] o.s.w.s.handler.SimpleUrlHandlerMapping  : Mapped to ResourceHttpRequestHandler [classpath [META-INF/resources/], classpath [resources/], classpath [static/], classpath [public/], ServletContext [/]]
2025-11-11T23:16:39.597+05:30 DEBUG 5072 --- [criminal-face-detector] [http-nio-8080-exec-6] o.s.w.s.handler.SimpleUrlHandlerMapping  : Mapped to ResourceHttpRequestHandler [classpath [META-INF/resources/], classpath [resources/], classpath [static/], classpath [public/], ServletContext [/]]
2025-11-11T23:16:39.603+05:30 DEBUG 5072 --- [criminal-face-detector] [http-nio-8080-exec-7] o.s.web.servlet.DispatcherServlet        : Completed 200 OK
2025-11-11T23:16:39.614+05:30 DEBUG 5072 --- [criminal-face-detector] [http-nio-8080-exec-8] o.s.web.servlet.DispatcherServlet        : GET "/images/backimg.jpg", parameters={}
2025-11-11T23:16:39.614+05:30 DEBUG 5072 --- [criminal-face-detector] [http-nio-8080-exec-8] o.s.w.s.handler.SimpleUrlHandlerMapping  : Mapped to ResourceHttpRequestHandler [classpath [META-INF/resources/], classpath [resources/], classpath [static/], classpath [public/], ServletContext [/]]
2025-11-11T23:16:39.621+05:30 DEBUG 5072 --- [criminal-face-detector] [http-nio-8080-exec-8] o.s.web.servlet.DispatcherServlet        : Completed 200 OK
2025-11-11T23:16:39.627+05:30 DEBUG 5072 --- [criminal-face-detector] [http-nio-8080-exec-6] o.s.web.servlet.DispatcherServlet        : Completed 200 OK
2025-11-11T23:16:40.025+05:30 DEBUG 5072 --- [criminal-face-detector] [http-nio-8080-exec-4] o.s.web.servlet.DispatcherServlet        : GET "/favicon.ico", parameters={}
2025-11-11T23:16:40.026+05:30 DEBUG 5072 --- [criminal-face-detector] [http-nio-8080-exec-4] o.s.w.s.handler.SimpleUrlHandlerMapping  : Mapped to ResourceHttpRequestHandler [classpath [META-INF/resources/], classpath [resources/], classpath [static/], classpath [public/], ServletContext [/]]
2025-11-11T23:16:40.029+05:30 DEBUG 5072 --- [criminal-face-detector] [http-nio-8080-exec-4] o.s.w.s.r.ResourceHttpRequestHandler     : Resource not found
2025-11-11T23:16:40.030+05:30 DEBUG 5072 --- [criminal-face-detector] [http-nio-8080-exec-4] .w.s.m.s.DefaultHandlerExceptionResolver : Resolved [org.springframework.web.servlet.resource.NoResourceFoundException: No static resource favicon.ico.]
2025-11-11T23:16:40.030+05:30 DEBUG 5072 --- [criminal-face-detector] [http-nio-8080-exec-4] o.s.web.servlet.DispatcherServlet        : Completed 404 NOT_FOUND
2025-11-11T23:16:40.032+05:30 DEBUG 5072 --- [criminal-face-detector] [http-nio-8080-exec-4] o.s.web.servlet.DispatcherServlet        : "ERROR" dispatch for GET "/error", parameters={}
2025-11-11T23:16:40.032+05:30 DEBUG 5072 --- [criminal-face-detector] [http-nio-8080-exec-4] s.w.s.m.m.a.RequestMappingHandlerMapping : Mapped to com.criminaldetector.controller.CriminalController#handleError(Model)
2025-11-11T23:16:40.034+05:30 DEBUG 5072 --- [criminal-face-detector] [http-nio-8080-exec-4] o.s.web.servlet.view.RedirectView        : View name 'redirect:', model {}
2025-11-11T23:16:40.034+05:30 DEBUG 5072 --- [criminal-face-detector] [http-nio-8080-exec-4] o.s.web.servlet.DispatcherServlet        : Exiting from "ERROR" dispatch, status 302
2025-11-11T23:16:40.041+05:30 DEBUG 5072 --- [criminal-face-detector] [http-nio-8080-exec-9] o.s.web.servlet.DispatcherServlet        : GET "/", parameters={}
2025-11-11T23:16:40.042+05:30 DEBUG 5072 --- [criminal-face-detector] [http-nio-8080-exec-9] s.w.s.m.m.a.RequestMappingHandlerMapping : Mapped to com.criminaldetector.controller.CriminalController#showDetectionPage(Model)
2025-11-11T23:16:40.044+05:30  INFO 5072 --- [criminal-face-detector] [http-nio-8080-exec-9] c.c.service.CriminalServiceImpl          : Fetching all criminals
2025-11-11T23:16:40.047+05:30 DEBUG 5072 --- [criminal-face-detector] [http-nio-8080-exec-9] org.hibernate.SQL                        : 
    select
        c1_0.id,
        c1_0.age,
        c1_0.created_at,
        c1_0.crime_details,
        c1_0.gender,
        c1_0.image,
        c1_0.name 
    from
        criminals c1_0
2025-11-11T23:16:40.052+05:30 DEBUG 5072 --- [criminal-face-detector] [http-nio-8080-exec-9] o.s.w.s.v.ContentNegotiatingViewResolver : Selected '*/*' given [image/avif, image/webp, image/apng, image/svg+xml, image/*, */*;q=0.8]
2025-11-11T23:16:40.054+05:30 DEBUG 5072 --- [criminal-face-detector] [http-nio-8080-exec-9] o.s.web.servlet.DispatcherServlet        : Completed 200 OK
2025-11-11T23:16:40.367+05:30 DEBUG 5072 --- [criminal-face-detector] [http-nio-8080-exec-10] o.s.web.servlet.DispatcherServlet        : GET "/add-criminal", parameters={}
2025-11-11T23:16:40.368+05:30 DEBUG 5072 --- [criminal-face-detector] [http-nio-8080-exec-10] s.w.s.m.m.a.RequestMappingHandlerMapping : Mapped to com.criminaldetector.controller.CriminalController#showAddCriminalForm(Model)
2025-11-11T23:16:40.369+05:30 DEBUG 5072 --- [criminal-face-detector] [http-nio-8080-exec-10] o.s.w.s.v.ContentNegotiatingViewResolver : Selected 'text/html' given [text/html, application/xhtml+xml, image/avif, image/webp, image/apng, application/xml;q=0.9, */*;q=0.8, application/signed-exchange;v=b3;q=0.7]
2025-11-11T23:16:40.372+05:30 DEBUG 5072 --- [criminal-face-detector] [http-nio-8080-exec-10] o.s.web.servlet.DispatcherServlet        : Completed 200 OK
2025-11-11T23:16:40.425+05:30 DEBUG 5072 --- [criminal-face-detector] [http-nio-8080-exec-1] o.s.web.servlet.DispatcherServlet        : GET "/css/add-criminal.css", parameters={}
2025-11-11T23:16:40.426+05:30 DEBUG 5072 --- [criminal-face-detector] [http-nio-8080-exec-1] o.s.w.s.handler.SimpleUrlHandlerMapping  : Mapped to ResourceHttpRequestHandler [classpath [META-INF/resources/], classpath [resources/], classpath [static/], classpath [public/], ServletContext [/]]
2025-11-11T23:16:40.432+05:30 DEBUG 5072 --- [criminal-face-detector] [http-nio-8080-exec-1] o.s.web.servlet.DispatcherServlet        : Completed 200 OK
2025-11-11T23:16:40.493+05:30 DEBUG 5072 --- [criminal-face-detector] [http-nio-8080-exec-3] o.s.web.servlet.DispatcherServlet        : GET "/favicon.ico", parameters={}
2025-11-11T23:16:40.494+05:30 DEBUG 5072 --- [criminal-face-detector] [http-nio-8080-exec-3] o.s.w.s.handler.SimpleUrlHandlerMapping  : Mapped to ResourceHttpRequestHandler [classpath [META-INF/resources/], classpath [resources/], classpath [static/], classpath [public/], ServletContext [/]]
2025-11-11T23:16:40.496+05:30 DEBUG 5072 --- [criminal-face-detector] [http-nio-8080-exec-3] o.s.w.s.r.ResourceHttpRequestHandler     : Resource not found
2025-11-11T23:16:40.497+05:30 DEBUG 5072 --- [criminal-face-detector] [http-nio-8080-exec-3] .w.s.m.s.DefaultHandlerExceptionResolver : Resolved [org.springframework.web.servlet.resource.NoResourceFoundException: No static resource favicon.ico.]
2025-11-11T23:16:40.497+05:30 DEBUG 5072 --- [criminal-face-detector] [http-nio-8080-exec-3] o.s.web.servlet.DispatcherServlet        : Completed 404 NOT_FOUND
2025-11-11T23:16:40.498+05:30 DEBUG 5072 --- [criminal-face-detector] [http-nio-8080-exec-3] o.s.web.servlet.DispatcherServlet        : "ERROR" dispatch for GET "/error", parameters={}
2025-11-11T23:16:40.499+05:30 DEBUG 5072 --- [criminal-face-detector] [http-nio-8080-exec-3] s.w.s.m.m.a.RequestMappingHandlerMapping : Mapped to com.criminaldetector.controller.CriminalController#handleError(Model)
2025-11-11T23:16:40.500+05:30 DEBUG 5072 --- [criminal-face-detector] [http-nio-8080-exec-3] o.s.web.servlet.view.RedirectView        : View name 'redirect:', model {}
2025-11-11T23:16:40.501+05:30 DEBUG 5072 --- [criminal-face-detector] [http-nio-8080-exec-3] o.s.web.servlet.DispatcherServlet        : Exiting from "ERROR" dispatch, status 302
2025-11-11T23:16:40.509+05:30 DEBUG 5072 --- [criminal-face-detector] [http-nio-8080-exec-2] o.s.web.servlet.DispatcherServlet        : GET "/", parameters={}
2025-11-11T23:16:40.510+05:30 DEBUG 5072 --- [criminal-face-detector] [http-nio-8080-exec-2] s.w.s.m.m.a.RequestMappingHandlerMapping : Mapped to com.criminaldetector.controller.CriminalController#showDetectionPage(Model)
2025-11-11T23:16:40.513+05:30  INFO 5072 --- [criminal-face-detector] [http-nio-8080-exec-2] c.c.service.CriminalServiceImpl          : Fetching all criminals
2025-11-11T23:16:40.515+05:30 DEBUG 5072 --- [criminal-face-detector] [http-nio-8080-exec-2] org.hibernate.SQL                        : 
    select
        c1_0.id,
        c1_0.age,
        c1_0.created_at,
        c1_0.crime_details,
        c1_0.gender,
        c1_0.image,
        c1_0.name 
    from
        criminals c1_0
2025-11-11T23:16:40.520+05:30 DEBUG 5072 --- [criminal-face-detector] [http-nio-8080-exec-2] o.s.w.s.v.ContentNegotiatingViewResolver : Selected '*/*' given [image/avif, image/webp, image/apng, image/svg+xml, image/*, */*;q=0.8]
2025-11-11T23:16:40.522+05:30 DEBUG 5072 --- [criminal-face-detector] [http-nio-8080-exec-2] o.s.web.servlet.DispatcherServlet        : Completed 200 OK
2025-11-11T23:16:44.167+05:30 DEBUG 5072 --- [criminal-face-detector] [http-nio-8080-exec-5] o.s.web.servlet.DispatcherServlet        : GET "/add-criminal", parameters={}
2025-11-11T23:16:44.168+05:30 DEBUG 5072 --- [criminal-face-detector] [http-nio-8080-exec-5] s.w.s.m.m.a.RequestMappingHandlerMapping : Mapped to com.criminaldetector.controller.CriminalController#showAddCriminalForm(Model)
2025-11-11T23:16:44.169+05:30 DEBUG 5072 --- [criminal-face-detector] [http-nio-8080-exec-5] o.s.w.s.v.ContentNegotiatingViewResolver : Selected 'text/html' given [text/html, application/xhtml+xml, image/avif, image/webp, image/apng, application/xml;q=0.9, */*;q=0.8, application/signed-exchange;v=b3;q=0.7]
2025-11-11T23:16:44.172+05:30 DEBUG 5072 --- [criminal-face-detector] [http-nio-8080-exec-5] o.s.web.servlet.DispatcherServlet        : Completed 200 OK
2025-11-11T23:16:44.215+05:30 DEBUG 5072 --- [criminal-face-detector] [http-nio-8080-exec-7] o.s.web.servlet.DispatcherServlet        : GET "/css/add-criminal.css", parameters={}
2025-11-11T23:16:44.215+05:30 DEBUG 5072 --- [criminal-face-detector] [http-nio-8080-exec-8] o.s.web.servlet.DispatcherServlet        : GET "/images/detector1.png", parameters={}
2025-11-11T23:16:44.216+05:30 DEBUG 5072 --- [criminal-face-detector] [http-nio-8080-exec-7] o.s.w.s.handler.SimpleUrlHandlerMapping  : Mapped to ResourceHttpRequestHandler [classpath [META-INF/resources/], classpath [resources/], classpath [static/], classpath [public/], ServletContext [/]]
2025-11-11T23:16:44.216+05:30 DEBUG 5072 --- [criminal-face-detector] [http-nio-8080-exec-8] o.s.w.s.handler.SimpleUrlHandlerMapping  : Mapped to ResourceHttpRequestHandler [classpath [META-INF/resources/], classpath [resources/], classpath [static/], classpath [public/], ServletContext [/]]
2025-11-11T23:16:44.220+05:30 DEBUG 5072 --- [criminal-face-detector] [http-nio-8080-exec-7] o.s.web.servlet.DispatcherServlet        : Completed 200 OK
2025-11-11T23:16:44.240+05:30 DEBUG 5072 --- [criminal-face-detector] [http-nio-8080-exec-8] o.s.web.servlet.DispatcherServlet        : Completed 200 OK
2025-11-11T23:16:44.240+05:30 DEBUG 5072 --- [criminal-face-detector] [http-nio-8080-exec-6] o.s.web.servlet.DispatcherServlet        : GET "/images/backimg.jpg", parameters={}
2025-11-11T23:16:44.242+05:30 DEBUG 5072 --- [criminal-face-detector] [http-nio-8080-exec-6] o.s.w.s.handler.SimpleUrlHandlerMapping  : Mapped to ResourceHttpRequestHandler [classpath [META-INF/resources/], classpath [resources/], classpath [static/], classpath [public/], ServletContext [/]]
2025-11-11T23:16:44.250+05:30 DEBUG 5072 --- [criminal-face-detector] [http-nio-8080-exec-6] o.s.web.servlet.DispatcherServlet        : Completed 200 OK
2025-11-11T23:16:45.099+05:30 DEBUG 5072 --- [criminal-face-detector] [http-nio-8080-exec-4] o.s.web.servlet.DispatcherServlet        : GET "/favicon.ico", parameters={}
2025-11-11T23:16:45.101+05:30 DEBUG 5072 --- [criminal-face-detector] [http-nio-8080-exec-4] o.s.w.s.handler.SimpleUrlHandlerMapping  : Mapped to ResourceHttpRequestHandler [classpath [META-INF/resources/], classpath [resources/], classpath [static/], classpath [public/], ServletContext [/]]
2025-11-11T23:16:45.106+05:30 DEBUG 5072 --- [criminal-face-detector] [http-nio-8080-exec-4] o.s.w.s.r.ResourceHttpRequestHandler     : Resource not found
2025-11-11T23:16:45.107+05:30 DEBUG 5072 --- [criminal-face-detector] [http-nio-8080-exec-4] .w.s.m.s.DefaultHandlerExceptionResolver : Resolved [org.springframework.web.servlet.resource.NoResourceFoundException: No static resource favicon.ico.]
2025-11-11T23:16:45.110+05:30 DEBUG 5072 --- [criminal-face-detector] [http-nio-8080-exec-4] o.s.web.servlet.DispatcherServlet        : Completed 404 NOT_FOUND
2025-11-11T23:16:45.112+05:30 DEBUG 5072 --- [criminal-face-detector] [http-nio-8080-exec-4] o.s.web.servlet.DispatcherServlet        : "ERROR" dispatch for GET "/error", parameters={}
2025-11-11T23:16:45.113+05:30 DEBUG 5072 --- [criminal-face-detector] [http-nio-8080-exec-4] s.w.s.m.m.a.RequestMappingHandlerMapping : Mapped to com.criminaldetector.controller.CriminalController#handleError(Model)
2025-11-11T23:16:45.120+05:30 DEBUG 5072 --- [criminal-face-detector] [http-nio-8080-exec-4] o.s.web.servlet.view.RedirectView        : View name 'redirect:', model {}
2025-11-11T23:16:45.126+05:30 DEBUG 5072 --- [criminal-face-detector] [http-nio-8080-exec-4] o.s.web.servlet.DispatcherServlet        : Exiting from "ERROR" dispatch, status 302
2025-11-11T23:16:45.135+05:30 DEBUG 5072 --- [criminal-face-detector] [http-nio-8080-exec-9] o.s.web.servlet.DispatcherServlet        : GET "/", parameters={}
2025-11-11T23:16:45.136+05:30 DEBUG 5072 --- [criminal-face-detector] [http-nio-8080-exec-9] s.w.s.m.m.a.RequestMappingHandlerMapping : Mapped to com.criminaldetector.controller.CriminalController#showDetectionPage(Model)
2025-11-11T23:16:45.144+05:30  INFO 5072 --- [criminal-face-detector] [http-nio-8080-exec-9] c.c.service.CriminalServiceImpl          : Fetching all criminals
2025-11-11T23:16:45.146+05:30 DEBUG 5072 --- [criminal-face-detector] [http-nio-8080-exec-9] org.hibernate.SQL                        : 
    select
        c1_0.id,
        c1_0.age,
        c1_0.created_at,
        c1_0.crime_details,
        c1_0.gender,
        c1_0.image,
        c1_0.name 
    from
        criminals c1_0
2025-11-11T23:16:45.152+05:30 DEBUG 5072 --- [criminal-face-detector] [http-nio-8080-exec-9] o.s.w.s.v.ContentNegotiatingViewResolver : Selected '*/*' given [image/avif, image/webp, image/apng, image/svg+xml, image/*, */*;q=0.8]
2025-11-11T23:16:45.154+05:30 DEBUG 5072 --- [criminal-face-detector] [http-nio-8080-exec-9] o.s.web.servlet.DispatcherServlet        : Completed 200 OK
2025-11-11T23:16:45.428+05:30 DEBUG 5072 --- [criminal-face-detector] [http-nio-8080-exec-10] o.s.web.servlet.DispatcherServlet        : GET "/detection", parameters={}
2025-11-11T23:16:45.429+05:30 DEBUG 5072 --- [criminal-face-detector] [http-nio-8080-exec-10] o.s.w.s.handler.SimpleUrlHandlerMapping  : Mapped to ResourceHttpRequestHandler [classpath [META-INF/resources/], classpath [resources/], classpath [static/], classpath [public/], ServletContext [/]]
2025-11-11T23:16:45.432+05:30 DEBUG 5072 --- [criminal-face-detector] [http-nio-8080-exec-10] o.s.w.s.r.ResourceHttpRequestHandler     : Resource not found
2025-11-11T23:16:45.432+05:30 DEBUG 5072 --- [criminal-face-detector] [http-nio-8080-exec-10] .w.s.m.s.DefaultHandlerExceptionResolver : Resolved [org.springframework.web.servlet.resource.NoResourceFoundException: No static resource detection.]
2025-11-11T23:16:45.433+05:30 DEBUG 5072 --- [criminal-face-detector] [http-nio-8080-exec-10] o.s.web.servlet.DispatcherServlet        : Completed 404 NOT_FOUND
2025-11-11T23:16:45.434+05:30 DEBUG 5072 --- [criminal-face-detector] [http-nio-8080-exec-10] o.s.web.servlet.DispatcherServlet        : "ERROR" dispatch for GET "/error", parameters={}
2025-11-11T23:16:45.435+05:30 DEBUG 5072 --- [criminal-face-detector] [http-nio-8080-exec-10] s.w.s.m.m.a.RequestMappingHandlerMapping : Mapped to com.criminaldetector.controller.CriminalController#handleError(Model)
2025-11-11T23:16:45.437+05:30 DEBUG 5072 --- [criminal-face-detector] [http-nio-8080-exec-10] o.s.web.servlet.view.RedirectView        : View name 'redirect:', model {}
2025-11-11T23:16:45.439+05:30 DEBUG 5072 --- [criminal-face-detector] [http-nio-8080-exec-10] o.s.web.servlet.DispatcherServlet        : Exiting from "ERROR" dispatch, status 302
2025-11-11T23:16:45.446+05:30 DEBUG 5072 --- [criminal-face-detector] [http-nio-8080-exec-1] o.s.web.servlet.DispatcherServlet        : GET "/", parameters={}
2025-11-11T23:16:45.447+05:30 DEBUG 5072 --- [criminal-face-detector] [http-nio-8080-exec-1] s.w.s.m.m.a.RequestMappingHandlerMapping : Mapped to com.criminaldetector.controller.CriminalController#showDetectionPage(Model)
2025-11-11T23:16:45.449+05:30  INFO 5072 --- [criminal-face-detector] [http-nio-8080-exec-1] c.c.service.CriminalServiceImpl          : Fetching all criminals
2025-11-11T23:16:45.450+05:30 DEBUG 5072 --- [criminal-face-detector] [http-nio-8080-exec-1] org.hibernate.SQL                        : 
    select
        c1_0.id,
        c1_0.age,
        c1_0.created_at,
        c1_0.crime_details,
        c1_0.gender,
        c1_0.image,
        c1_0.name 
    from
        criminals c1_0
2025-11-11T23:16:45.458+05:30 DEBUG 5072 --- [criminal-face-detector] [http-nio-8080-exec-1] o.s.w.s.v.ContentNegotiatingViewResolver : Selected 'text/html' given [text/html, application/xhtml+xml, image/avif, image/webp, image/apng, application/xml;q=0.9, */*;q=0.8, application/signed-exchange;v=b3;q=0.7]
2025-11-11T23:16:45.459+05:30 DEBUG 5072 --- [criminal-face-detector] [http-nio-8080-exec-1] o.s.web.servlet.DispatcherServlet        : Completed 200 OK
2025-11-11T23:16:45.488+05:30 DEBUG 5072 --- [criminal-face-detector] [http-nio-8080-exec-3] o.s.web.servlet.DispatcherServlet        : GET "/css/detection.css", parameters={}
2025-11-11T23:16:45.490+05:30 DEBUG 5072 --- [criminal-face-detector] [http-nio-8080-exec-3] o.s.w.s.handler.SimpleUrlHandlerMapping  : Mapped to ResourceHttpRequestHandler [classpath [META-INF/resources/], classpath [resources/], classpath [static/], classpath [public/], ServletContext [/]]
2025-11-11T23:16:45.492+05:30 DEBUG 5072 --- [criminal-face-detector] [http-nio-8080-exec-2] o.s.web.servlet.DispatcherServlet        : GET "/images/detector1.png", parameters={}
2025-11-11T23:16:45.492+05:30 DEBUG 5072 --- [criminal-face-detector] [http-nio-8080-exec-2] o.s.w.s.handler.SimpleUrlHandlerMapping  : Mapped to ResourceHttpRequestHandler [classpath [META-INF/resources/], classpath [resources/], classpath [static/], classpath [public/], ServletContext [/]]
2025-11-11T23:16:45.495+05:30 DEBUG 5072 --- [criminal-face-detector] [http-nio-8080-exec-3] o.s.web.servlet.DispatcherServlet        : Completed 200 OK
2025-11-11T23:16:45.508+05:30 DEBUG 5072 --- [criminal-face-detector] [http-nio-8080-exec-5] o.s.web.servlet.DispatcherServlet        : GET "/images/backimg.jpg", parameters={}
2025-11-11T23:16:45.509+05:30 DEBUG 5072 --- [criminal-face-detector] [http-nio-8080-exec-5] o.s.w.s.handler.SimpleUrlHandlerMapping  : Mapped to ResourceHttpRequestHandler [classpath [META-INF/resources/], classpath [resources/], classpath [static/], classpath [public/], ServletContext [/]]
2025-11-11T23:16:45.514+05:30 DEBUG 5072 --- [criminal-face-detector] [http-nio-8080-exec-5] o.s.web.servlet.DispatcherServlet        : Completed 200 OK
2025-11-11T23:16:45.520+05:30 DEBUG 5072 --- [criminal-face-detector] [http-nio-8080-exec-2] o.s.web.servlet.DispatcherServlet        : Completed 200 OK
2025-11-11T23:16:45.840+05:30 DEBUG 5072 --- [criminal-face-detector] [http-nio-8080-exec-7] o.s.web.servlet.DispatcherServlet        : GET "/favicon.ico", parameters={}
2025-11-11T23:16:45.841+05:30 DEBUG 5072 --- [criminal-face-detector] [http-nio-8080-exec-7] o.s.w.s.handler.SimpleUrlHandlerMapping  : Mapped to ResourceHttpRequestHandler [classpath [META-INF/resources/], classpath [resources/], classpath [static/], classpath [public/], ServletContext [/]]
2025-11-11T23:16:45.844+05:30 DEBUG 5072 --- [criminal-face-detector] [http-nio-8080-exec-7] o.s.w.s.r.ResourceHttpRequestHandler     : Resource not found
2025-11-11T23:16:45.844+05:30 DEBUG 5072 --- [criminal-face-detector] [http-nio-8080-exec-7] .w.s.m.s.DefaultHandlerExceptionResolver : Resolved [org.springframework.web.servlet.resource.NoResourceFoundException: No static resource favicon.ico.]
2025-11-11T23:16:45.845+05:30 DEBUG 5072 --- [criminal-face-detector] [http-nio-8080-exec-7] o.s.web.servlet.DispatcherServlet        : Completed 404 NOT_FOUND
2025-11-11T23:16:45.847+05:30 DEBUG 5072 --- [criminal-face-detector] [http-nio-8080-exec-7] o.s.web.servlet.DispatcherServlet        : "ERROR" dispatch for GET "/error", parameters={}
2025-11-11T23:16:45.848+05:30 DEBUG 5072 --- [criminal-face-detector] [http-nio-8080-exec-7] s.w.s.m.m.a.RequestMappingHandlerMapping : Mapped to com.criminaldetector.controller.CriminalController#handleError(Model)
2025-11-11T23:16:45.849+05:30 DEBUG 5072 --- [criminal-face-detector] [http-nio-8080-exec-7] o.s.web.servlet.view.RedirectView        : View name 'redirect:', model {}
2025-11-11T23:16:45.850+05:30 DEBUG 5072 --- [criminal-face-detector] [http-nio-8080-exec-7] o.s.web.servlet.DispatcherServlet        : Exiting from "ERROR" dispatch, status 302
2025-11-11T23:16:46.258+05:30 DEBUG 5072 --- [criminal-face-detector] [http-nio-8080-exec-8] o.s.web.servlet.DispatcherServlet        : GET "/", parameters={}
2025-11-11T23:16:46.259+05:30 DEBUG 5072 --- [criminal-face-detector] [http-nio-8080-exec-8] s.w.s.m.m.a.RequestMappingHandlerMapping : Mapped to com.criminaldetector.controller.CriminalController#showDetectionPage(Model)
2025-11-11T23:16:46.261+05:30  INFO 5072 --- [criminal-face-detector] [http-nio-8080-exec-8] c.c.service.CriminalServiceImpl          : Fetching all criminals
2025-11-11T23:16:46.264+05:30 DEBUG 5072 --- [criminal-face-detector] [http-nio-8080-exec-8] org.hibernate.SQL                        : 
    select
        c1_0.id,
        c1_0.age,
        c1_0.created_at,
        c1_0.crime_details,
        c1_0.gender,
        c1_0.image,
        c1_0.name 
    from
        criminals c1_0
2025-11-11T23:16:46.269+05:30 DEBUG 5072 --- [criminal-face-detector] [http-nio-8080-exec-8] o.s.w.s.v.ContentNegotiatingViewResolver : Selected '*/*' given [image/avif, image/webp, image/apng, image/svg+xml, image/*, */*;q=0.8]
2025-11-11T23:16:46.271+05:30 DEBUG 5072 --- [criminal-face-detector] [http-nio-8080-exec-8] o.s.web.servlet.DispatcherServlet        : Completed 200 OK
2025-11-11T23:19:24.515+05:30  INFO 5072 --- [criminal-face-detector] [SpringApplicationShutdownHook] j.LocalContainerEntityManagerFactoryBean : Closing JPA EntityManagerFactory for persistence unit 'default'
2025-11-11T23:19:24.520+05:30  INFO 5072 --- [criminal-face-detector] [SpringApplicationShutdownHook] com.zaxxer.hikari.HikariDataSource       : HikariPool-1 - Shutdown initiated...
2025-11-11T23:19:24.526+05:30  INFO 5072 --- [criminal-face-detector] [SpringApplicationShutdownHook] com.zaxxer.hikari.HikariDataSource       : HikariPool-1 - Shutdown completed.
